#
# There is insufficient memory for the Java Runtime Environment to continue.
# Native memory allocation (malloc) failed to allocate 27316224 bytes for committing reserved memory.
# Possible reasons:
#   The system is out of physical RAM or swap space
#   In 32 bit mode, the process size limit was hit
# Possible solutions:
#   Reduce memory load on the system
#   Increase physical memory or swap space
#   Check if swap backing store is full
#   Use 64 bit Java on a 64 bit OS
#   Decrease Java heap size (-Xmx/-Xms)
#   Decrease number of Java threads
#   Decrease Java thread stack sizes (-Xss)
#   Set larger code cache with -XX:ReservedCodeCacheSize=
# This output file may be truncated or incomplete.
#
#  Out of Memory Error (os_linux.cpp:2827), pid=3016, tid=139695635023616
#
# JRE version: OpenJDK Runtime Environment (7.0_95) (build 1.7.0_95-b00)
# Java VM: OpenJDK 64-Bit Server VM (24.95-b01 mixed mode linux-amd64 compressed oops)
# Derivative: IcedTea 2.6.4
# Distribution: Ubuntu 14.04 LTS, package 7u95-2.6.4-0ubuntu0.14.04.2
# Failed to write core dump. Core dumps have been disabled. To enable core dumping, try "ulimit -c unlimited" before starting Java again
#

---------------  T H R E A D  ---------------

Current thread (0x00007f0d6806c000):  VMThread [stack: 0x00007f0d6ca3c000,0x00007f0d6cb3d000] [id=3019]

Stack: [0x00007f0d6ca3c000,0x00007f0d6cb3d000],  sp=0x00007f0d6cb3b5a0,  free space=1021k
Native frames: (J=compiled Java code, j=interpreted, Vv=VM code, C=native code)
V  [libjvm.so+0x953e15]
V  [libjvm.so+0x48fd94]
V  [libjvm.so+0x7cf87b]
V  [libjvm.so+0x7ca33f]
V  [libjvm.so+0x950d04]
V  [libjvm.so+0x56731e]
V  [libjvm.so+0x567655]
V  [libjvm.so+0x558e50]
V  [libjvm.so+0x559f2e]
V  [libjvm.so+0x955162]
V  [libjvm.so+0x959917]
V  [libjvm.so+0x9583d8]
V  [libjvm.so+0x958839]
V  [libjvm.so+0x958c82]
V  [libjvm.so+0x7cc742]

VM_Operation (0x00007f0d4713d920): GenCollectForPermanentAllocation, mode: safepoint, requested by thread 0x00007f0d48075800


---------------  P R O C E S S  ---------------

Java Threads: ( => current thread )
  0x00007f0d542a6800 JavaThread "Stdin handler" [_thread_blocked, id=3150, stack(0x00007f0d46e46000,0x00007f0d46f47000)]
  0x00007f0d48075800 JavaThread "Daemon worker Thread 2" [_thread_blocked, id=3149, stack(0x00007f0d47048000,0x00007f0d47149000)]
  0x00007f0d4813e000 JavaThread "Cancel handler" [_thread_blocked, id=3148, stack(0x00007f0d47149000,0x00007f0d4724a000)]
  0x00007f0d48064800 JavaThread "Handler for socket connection from /127.0.0.1:36098 to /127.0.0.1:34943" [_thread_in_native, id=3147, stack(0x00007f0d46f47000,0x00007f0d47048000)]
  0x00007f0d4c029000 JavaThread "Daemon Thread 2" [_thread_blocked, id=3146, stack(0x00007f0d4724a000,0x00007f0d4734b000)]
  0x00007f0d5c512000 JavaThread "File lock request listener" [_thread_in_native, id=3039, stack(0x00007f0d46ca1000,0x00007f0d46da2000)]
  0x00007f0d689b1800 JavaThread "Incoming local TCP Connector on port 36098" [_thread_in_native, id=3028, stack(0x00007f0d4734b000,0x00007f0d4744c000)]
  0x00007f0d680a6000 JavaThread "Service Thread" daemon [_thread_blocked, id=3025, stack(0x00007f0d6c2ad000,0x00007f0d6c3ae000)]
  0x00007f0d680a3800 JavaThread "C2 CompilerThread1" daemon [_thread_blocked, id=3024, stack(0x00007f0d6c3ae000,0x00007f0d6c4af000)]
  0x00007f0d680a1000 JavaThread "C2 CompilerThread0" daemon [_thread_blocked, id=3023, stack(0x00007f0d6c4af000,0x00007f0d6c5b0000)]
  0x00007f0d6809f000 JavaThread "Signal Dispatcher" daemon [_thread_blocked, id=3022, stack(0x00007f0d6c5b0000,0x00007f0d6c6b1000)]
  0x00007f0d68072000 JavaThread "Finalizer" daemon [_thread_blocked, id=3021, stack(0x00007f0d6c83a000,0x00007f0d6c93b000)]
  0x00007f0d68070000 JavaThread "Reference Handler" daemon [_thread_blocked, id=3020, stack(0x00007f0d6c93b000,0x00007f0d6ca3c000)]
  0x00007f0d6800a800 JavaThread "main" [_thread_blocked, id=3018, stack(0x00007f0d70663000,0x00007f0d70764000)]

Other Threads:
=>0x00007f0d6806c000 VMThread [stack: 0x00007f0d6ca3c000,0x00007f0d6cb3d000] [id=3019]
  0x00007f0d680b1000 WatcherThread [stack: 0x00007f0d6c1ac000,0x00007f0d6c2ad000] [id=3026]

VM state:at safepoint (normal execution)

VM Mutex/Monitor currently owned by a thread:  ([mutex/lock_event])
[0x00007f0d680068c0] Threads_lock - owner thread: 0x00007f0d6806c000
[0x00007f0d68006dc0] Heap_lock - owner thread: 0x00007f0d48075800

Heap
 def new generation   total 34560K, used 0K [0x00000000b0000000, 0x00000000b2580000, 0x00000000c5550000)
  eden space 30720K,   0% used [0x00000000b0000000, 0x00000000b0000000, 0x00000000b1e00000)
  from space 3840K,   0% used [0x00000000b1e00000, 0x00000000b1e00000, 0x00000000b21c0000)
  to   space 3840K,   0% used [0x00000000b21c0000, 0x00000000b21c0000, 0x00000000b2580000)
 tenured generation   total 76660K, used 62001K [0x00000000c5550000, 0x00000000ca02d000, 0x00000000f0000000)
   the space 76660K,  80% used [0x00000000c5550000, 0x00000000c91dc5f8, 0x00000000c91dc600, 0x00000000ca02d000)
 compacting perm gen  total 50112K, used 50111K [0x00000000f0000000, 0x00000000f30f0000, 0x0000000100000000)
   the space 50112K,  99% used [0x00000000f0000000, 0x00000000f30efff8, 0x00000000f30f0000, 0x00000000f30f0000)
No shared spaces configured.

Card table byte_map: [0x00007f0d6d007000,0x00007f0d6d288000] byte_map_base: 0x00007f0d6ca87000

Polling page: 0x00007f0d70771000

Code Cache  [0x00007f0d65000000, 0x00007f0d65510000, 0x00007f0d68000000)
 total_blobs=1815 nmethods=1162 adapters=606 free_code_cache=44151Kb largest_free_block=45070144

Compilation events (10 events):
Event: 136.918 Thread 0x00007f0d680a1000 1363             java.util.AbstractList$Itr::<init> (6 bytes)
Event: 136.919 Thread 0x00007f0d680a1000 nmethod 1363 0x00007f0d65467fd0 code [0x00007f0d65468100, 0x00007f0d65468198]
Event: 136.919 Thread 0x00007f0d680a1000 1364             java.util.AbstractList$Itr::<init> (31 bytes)
Event: 136.919 Thread 0x00007f0d680a1000 nmethod 1364 0x00007f0d650e46d0 code [0x00007f0d650e4800, 0x00007f0d650e4898]
Event: 136.967 Thread 0x00007f0d680a1000 1365             org.codehaus.groovy.util.LazyReference::<init> (17 bytes)
Event: 136.968 Thread 0x00007f0d680a1000 nmethod 1365 0x00007f0d650e44d0 code [0x00007f0d650e4600, 0x00007f0d650e4678]
Event: 136.976 Thread 0x00007f0d680a1000 1366  s!         java.beans.PropertyDescriptor::getPropertyType (33 bytes)
Event: 136.980 Thread 0x00007f0d680a3800 1367             java.beans.PropertyDescriptor::getPropertyType0 (22 bytes)
Event: 136.980 Thread 0x00007f0d680a3800 nmethod 1367 0x00007f0d652eaed0 code [0x00007f0d652eb020, 0x00007f0d652eb0d8]
Event: 136.986 Thread 0x00007f0d680a1000 nmethod 1366 0x00007f0d6545f090 code [0x00007f0d6545f220, 0x00007f0d6545f748]

GC Heap History (10 events):
Event: 68.541 GC heap after
Heap after GC invocations=203 (full 8):
 def new generation   total 34560K, used 0K [0x00000000b0000000, 0x00000000b2580000, 0x00000000c5550000)
  eden space 30720K,   0% used [0x00000000b0000000, 0x00000000b0000000, 0x00000000b1e00000)
  from space 3840K,   0% used [0x00000000b1e00000, 0x00000000b1e00000, 0x00000000b21c0000)
  to   space 3840K,   0% used [0x00000000b21c0000, 0x00000000b21c0000, 0x00000000b2580000)
 tenured generation   total 76660K, used 45994K [0x00000000c5550000, 0x00000000ca02d000, 0x00000000f0000000)
   the space 76660K,  59% used [0x00000000c5550000, 0x00000000c823ab78, 0x00000000c823ac00, 0x00000000ca02d000)
 compacting perm gen  total 44672K, used 44652K [0x00000000f0000000, 0x00000000f2ba0000, 0x0000000100000000)
   the space 44672K,  99% used [0x00000000f0000000, 0x00000000f2b9b3a0, 0x00000000f2b9b400, 0x00000000f2ba0000)
No shared spaces configured.
}
Event: 134.304 GC heap before
{Heap before GC invocations=203 (full 8):
 def new generation   total 34560K, used 30720K [0x00000000b0000000, 0x00000000b2580000, 0x00000000c5550000)
  eden space 30720K, 100% used [0x00000000b0000000, 0x00000000b1e00000, 0x00000000b1e00000)
  from space 3840K,   0% used [0x00000000b1e00000, 0x00000000b1e00000, 0x00000000b21c0000)
  to   space 3840K,   0% used [0x00000000b21c0000, 0x00000000b21c0000, 0x00000000b2580000)
 tenured generation   total 76660K, used 45994K [0x00000000c5550000, 0x00000000ca02d000, 0x00000000f0000000)
   the space 76660K,  59% used [0x00000000c5550000, 0x00000000c823ab78, 0x00000000c823ac00, 0x00000000ca02d000)
 compacting perm gen  total 45632K, used 45429K [0x00000000f0000000, 0x00000000f2c90000, 0x0000000100000000)
   the space 45632K,  99% used [0x00000000f0000000, 0x00000000f2c5d700, 0x00000000f2c5d800, 0x00000000f2c90000)
No shared spaces configured.
Event: 134.314 GC heap after
Heap after GC invocations=204 (full 8):
 def new generation   total 34560K, used 2732K [0x00000000b0000000, 0x00000000b2580000, 0x00000000c5550000)
  eden space 30720K,   0% used [0x00000000b0000000, 0x00000000b0000000, 0x00000000b1e00000)
  from space 3840K,  71% used [0x00000000b21c0000, 0x00000000b246b2d0, 0x00000000b2580000)
  to   space 3840K,   0% used [0x00000000b1e00000, 0x00000000b1e00000, 0x00000000b21c0000)
 tenured generation   total 76660K, used 45994K [0x00000000c5550000, 0x00000000ca02d000, 0x00000000f0000000)
   the space 76660K,  59% used [0x00000000c5550000, 0x00000000c823ab78, 0x00000000c823ac00, 0x00000000ca02d000)
 compacting perm gen  total 45632K, used 45429K [0x00000000f0000000, 0x00000000f2c90000, 0x0000000100000000)
   the space 45632K,  99% used [0x00000000f0000000, 0x00000000f2c5d700, 0x00000000f2c5d800, 0x00000000f2c90000)
No shared spaces configured.
}
Event: 134.924 GC heap before
{Heap before GC invocations=204 (full 8):
 def new generation   total 34560K, used 33452K [0x00000000b0000000, 0x00000000b2580000, 0x00000000c5550000)
  eden space 30720K, 100% used [0x00000000b0000000, 0x00000000b1e00000, 0x00000000b1e00000)
  from space 3840K,  71% used [0x00000000b21c0000, 0x00000000b246b2d0, 0x00000000b2580000)
  to   space 3840K,   0% used [0x00000000b1e00000, 0x00000000b1e00000, 0x00000000b21c0000)
 tenured generation   total 76660K, used 45994K [0x00000000c5550000, 0x00000000ca02d000, 0x00000000f0000000)
   the space 76660K,  59% used [0x00000000c5550000, 0x00000000c823ab78, 0x00000000c823ac00, 0x00000000ca02d000)
 compacting perm gen  total 47872K, used 47743K [0x00000000f0000000, 0x00000000f2ec0000, 0x0000000100000000)
   the space 47872K,  99% used [0x00000000f0000000, 0x00000000f2e9ff08, 0x00000000f2ea0000, 0x00000000f2ec0000)
No shared spaces configured.
Event: 134.946 GC heap after
Heap after GC invocations=205 (full 8):
 def new generation   total 34560K, used 3840K [0x00000000b0000000, 0x00000000b2580000, 0x00000000c5550000)
  eden space 30720K,   0% used [0x00000000b0000000, 0x00000000b0000000, 0x00000000b1e00000)
  from space 3840K, 100% used [0x00000000b1e00000, 0x00000000b21c0000, 0x00000000b21c0000)
  to   space 3840K,   0% used [0x00000000b21c0000, 0x00000000b21c0000, 0x00000000b2580000)
 tenured generation   total 76660K, used 49876K [0x00000000c5550000, 0x00000000ca02d000, 0x00000000f0000000)
   the space 76660K,  65% used [0x00000000c5550000, 0x00000000c86053b8, 0x00000000c8605400, 0x00000000ca02d000)
 compacting perm gen  total 47872K, used 47743K [0x00000000f0000000, 0x00000000f2ec0000, 0x0000000100000000)
   the space 47872K,  99% used [0x00000000f0000000, 0x00000000f2e9ff08, 0x00000000f2ea0000, 0x00000000f2ec0000)
No shared spaces configured.
}
Event: 135.751 GC heap before
{Heap before GC invocations=205 (full 8):
 def new generation   total 34560K, used 34560K [0x00000000b0000000, 0x00000000b2580000, 0x00000000c5550000)
  eden space 30720K, 100% used [0x00000000b0000000, 0x00000000b1e00000, 0x00000000b1e00000)
  from space 3840K, 100% used [0x00000000b1e00000, 0x00000000b21c0000, 0x00000000b21c0000)
  to   space 3840K,   0% used [0x00000000b21c0000, 0x00000000b21c0000, 0x00000000b2580000)
 tenured generation   total 76660K, used 49876K [0x00000000c5550000, 0x00000000ca02d000, 0x00000000f0000000)
   the space 76660K,  65% used [0x00000000c5550000, 0x00000000c86053b8, 0x00000000c8605400, 0x00000000ca02d000)
 compacting perm gen  total 48832K, used 48784K [0x00000000f0000000, 0x00000000f2fb0000, 0x0000000100000000)
   the space 48832K,  99% used [0x00000000f0000000, 0x00000000f2fa40d8, 0x00000000f2fa4200, 0x00000000f2fb0000)
No shared spaces configured.
Event: 135.804 GC heap after
Heap after GC invocations=206 (full 8):
 def new generation   total 34560K, used 3807K [0x00000000b0000000, 0x00000000b2580000, 0x00000000c5550000)
  eden space 30720K,   0% used [0x00000000b0000000, 0x00000000b0000000, 0x00000000b1e00000)
  from space 3840K,  99% used [0x00000000b21c0000, 0x00000000b2577ca8, 0x00000000b2580000)
  to   space 3840K,   0% used [0x00000000b1e00000, 0x00000000b1e00000, 0x00000000b21c0000)
 tenured generation   total 76660K, used 53714K [0x00000000c5550000, 0x00000000ca02d000, 0x00000000f0000000)
   the space 76660K,  70% used [0x00000000c5550000, 0x00000000c89c4968, 0x00000000c89c4a00, 0x00000000ca02d000)
 compacting perm gen  total 48832K, used 48784K [0x00000000f0000000, 0x00000000f2fb0000, 0x0000000100000000)
   the space 48832K,  99% used [0x00000000f0000000, 0x00000000f2fa40d8, 0x00000000f2fa4200, 0x00000000f2fb0000)
No shared spaces configured.
}
Event: 136.620 GC heap before
{Heap before GC invocations=206 (full 8):
 def new generation   total 34560K, used 34527K [0x00000000b0000000, 0x00000000b2580000, 0x00000000c5550000)
  eden space 30720K, 100% used [0x00000000b0000000, 0x00000000b1e00000, 0x00000000b1e00000)
  from space 3840K,  99% used [0x00000000b21c0000, 0x00000000b2577ca8, 0x00000000b2580000)
  to   space 3840K,   0% used [0x00000000b1e00000, 0x00000000b1e00000, 0x00000000b21c0000)
 tenured generation   total 76660K, used 53714K [0x00000000c5550000, 0x00000000ca02d000, 0x00000000f0000000)
   the space 76660K,  70% used [0x00000000c5550000, 0x00000000c89c4968, 0x00000000c89c4a00, 0x00000000ca02d000)
 compacting perm gen  total 49792K, used 49573K [0x00000000f0000000, 0x00000000f30a0000, 0x0000000100000000)
   the space 49792K,  99% used [0x00000000f0000000, 0x00000000f30695f0, 0x00000000f3069600, 0x00000000f30a0000)
No shared spaces configured.
Event: 136.665 GC heap after
Heap after GC invocations=207 (full 8):
 def new generation   total 34560K, used 3840K [0x00000000b0000000, 0x00000000b2580000, 0x00000000c5550000)
  eden space 30720K,   0% used [0x00000000b0000000, 0x00000000b0000000, 0x00000000b1e00000)
  from space 3840K, 100% used [0x00000000b1e00000, 0x00000000b21c0000, 0x00000000b21c0000)
  to   space 3840K,   0% used [0x00000000b21c0000, 0x00000000b21c0000, 0x00000000b2580000)
 tenured generation   total 76660K, used 57163K [0x00000000c5550000, 0x00000000ca02d000, 0x00000000f0000000)
   the space 76660K,  74% used [0x00000000c5550000, 0x00000000c8d22db8, 0x00000000c8d22e00, 0x00000000ca02d000)
 compacting perm gen  total 49792K, used 49573K [0x00000000f0000000, 0x00000000f30a0000, 0x0000000100000000)
   the space 49792K,  99% used [0x00000000f0000000, 0x00000000f30695f0, 0x00000000f3069600, 0x00000000f30a0000)
No shared spaces configured.
}
Event: 136.996 GC heap before
{Heap before GC invocations=207 (full 8):
 def new generation   total 34560K, used 21328K [0x00000000b0000000, 0x00000000b2580000, 0x00000000c5550000)
  eden space 30720K,  56% used [0x00000000b0000000, 0x00000000b1114380, 0x00000000b1e00000)
  from space 3840K, 100% used [0x00000000b1e00000, 0x00000000b21c0000, 0x00000000b21c0000)
  to   space 3840K,   0% used [0x00000000b21c0000, 0x00000000b21c0000, 0x00000000b2580000)
 tenured generation   total 76660K, used 57163K [0x00000000c5550000, 0x00000000ca02d000, 0x00000000f0000000)
   the space 76660K,  74% used [0x00000000c5550000, 0x00000000c8d22db8, 0x00000000c8d22e00, 0x00000000ca02d000)
 compacting perm gen  total 50112K, used 50111K [0x00000000f0000000, 0x00000000f30f0000, 0x0000000100000000)
   the space 50112K,  99% used [0x00000000f0000000, 0x00000000f30efff8, 0x00000000f30f0000, 0x00000000f30f0000)
No shared spaces configured.

Deoptimization events (10 events):
Event: 133.741 Thread 0x00007f0d48075800 Uncommon trap: reason=bimorphic action=maybe_recompile pc=0x00007f0d652eb7dc method=org.gradle.api.internal.DefaultNamedDomainObjectCollection.findByNameWithoutRules(Ljava/lang/String;)Ljava/lang/Object; @ 1
Event: 133.741 Thread 0x00007f0d48075800 Uncommon trap: reason=bimorphic action=maybe_recompile pc=0x00007f0d652eb7dc method=org.gradle.api.internal.DefaultNamedDomainObjectCollection.findByNameWithoutRules(Ljava/lang/String;)Ljava/lang/Object; @ 1
Event: 133.741 Thread 0x00007f0d48075800 Uncommon trap: reason=bimorphic action=maybe_recompile pc=0x00007f0d652eb7dc method=org.gradle.api.internal.DefaultNamedDomainObjectCollection.findByNameWithoutRules(Ljava/lang/String;)Ljava/lang/Object; @ 1
Event: 134.616 Thread 0x00007f0d48075800 Uncommon trap: reason=bimorphic action=maybe_recompile pc=0x00007f0d6549bac4 method=org.gradle.util.CollectionUtils.findFirst(Ljava/lang/Iterable;Lorg/gradle/api/specs/Spec;)Ljava/lang/Object; @ 1
Event: 134.616 Thread 0x00007f0d48075800 Uncommon trap: reason=bimorphic action=maybe_recompile pc=0x00007f0d6549bac4 method=org.gradle.util.CollectionUtils.findFirst(Ljava/lang/Iterable;Lorg/gradle/api/specs/Spec;)Ljava/lang/Object; @ 1
Event: 134.616 Thread 0x00007f0d48075800 Uncommon trap: reason=bimorphic action=maybe_recompile pc=0x00007f0d6549bac4 method=org.gradle.util.CollectionUtils.findFirst(Ljava/lang/Iterable;Lorg/gradle/api/specs/Spec;)Ljava/lang/Object; @ 1
Event: 134.616 Thread 0x00007f0d48075800 Uncommon trap: reason=bimorphic action=maybe_recompile pc=0x00007f0d6549bac4 method=org.gradle.util.CollectionUtils.findFirst(Ljava/lang/Iterable;Lorg/gradle/api/specs/Spec;)Ljava/lang/Object; @ 1
Event: 134.951 Thread 0x00007f0d48075800 Uncommon trap: reason=null_check action=make_not_entrant pc=0x00007f0d654d3bf8 method=java.lang.reflect.Field.getAnnotation(Ljava/lang/Class;)Ljava/lang/annotation/Annotation; @ 22
Event: 135.913 Thread 0x00007f0d48075800 Uncommon trap: reason=null_check action=make_not_entrant pc=0x00007f0d654ee364 method=org.gradle.api.internal.AbstractClassGenerator.generateUnderLock(Ljava/lang/Class;)Ljava/lang/Class; @ 789
Event: 136.932 Thread 0x00007f0d48075800 Uncommon trap: reason=null_check action=make_not_entrant pc=0x00007f0d652decd0 method=com.sun.org.apache.xerces.internal.utils.SecuritySupport.getSystemProperty(Ljava/lang/String;)Ljava/lang/String; @ 11

Internal exceptions (10 events):
Event: 136.993 Thread 0x00007f0d48075800 Threw 0x00000000b1064798 at /build/openjdk-7-HVzwJZ/openjdk-7-7u95-2.6.4/build/openjdk/hotspot/src/share/vm/prims/jvm.cpp:1322
Event: 136.994 Thread 0x00007f0d48075800 Threw 0x00000000b1066930 at /build/openjdk-7-HVzwJZ/openjdk-7-7u95-2.6.4/build/openjdk/hotspot/src/share/vm/prims/jvm.cpp:1322
Event: 136.994 Thread 0x00007f0d48075800 Threw 0x00000000b1067b10 at /build/openjdk-7-HVzwJZ/openjdk-7-7u95-2.6.4/build/openjdk/hotspot/src/share/vm/prims/jvm.cpp:1322
Event: 136.994 Thread 0x00007f0d48075800 Threw 0x00000000b106ebb0 at /build/openjdk-7-HVzwJZ/openjdk-7-7u95-2.6.4/build/openjdk/hotspot/src/share/vm/prims/jvm.cpp:1322
Event: 136.994 Thread 0x00007f0d48075800 Threw 0x00000000b106f290 at /build/openjdk-7-HVzwJZ/openjdk-7-7u95-2.6.4/build/openjdk/hotspot/src/share/vm/classfile/systemDictionary.cpp:185
Event: 136.994 Thread 0x00007f0d48075800 Threw 0x00000000b1074eb8 at /build/openjdk-7-HVzwJZ/openjdk-7-7u95-2.6.4/build/openjdk/hotspot/src/share/vm/prims/jvm.cpp:1322
Event: 136.994 Thread 0x00007f0d48075800 Threw 0x00000000b10770d8 at /build/openjdk-7-HVzwJZ/openjdk-7-7u95-2.6.4/build/openjdk/hotspot/src/share/vm/prims/jvm.cpp:1322
Event: 136.994 Thread 0x00007f0d48075800 Threw 0x00000000b10782e0 at /build/openjdk-7-HVzwJZ/openjdk-7-7u95-2.6.4/build/openjdk/hotspot/src/share/vm/prims/jvm.cpp:1322
Event: 136.994 Thread 0x00007f0d48075800 Threw 0x00000000b107f708 at /build/openjdk-7-HVzwJZ/openjdk-7-7u95-2.6.4/build/openjdk/hotspot/src/share/vm/prims/jvm.cpp:1322
Event: 136.994 Thread 0x00007f0d48075800 Threw 0x00000000b107fde8 at /build/openjdk-7-HVzwJZ/openjdk-7-7u95-2.6.4/build/openjdk/hotspot/src/share/vm/classfile/systemDictionary.cpp:185

Events (10 events):
Event: 136.993 loading class 0x00007f0d547d6c00 done
Event: 136.993 loading class 0x00007f0d5469abd0
Event: 136.994 loading class 0x00007f0d5469abd0 done
Event: 136.994 loading class 0x00007f0d5469abd0
Event: 136.994 loading class 0x00007f0d5469abd0 done
Event: 136.994 loading class 0x00007f0d544b5310
Event: 136.994 loading class 0x00007f0d544b5310 done
Event: 136.994 loading class 0x00007f0d544b5310
Event: 136.994 loading class 0x00007f0d544b5310 done
Event: 136.996 Executing VM operation: GenCollectForPermanentAllocation


Dynamic libraries:
00400000-00401000 r-xp 00000000 08:01 262861                             /usr/lib/jvm/java-7-openjdk-amd64/jre/bin/java
00600000-00601000 r--p 00000000 08:01 262861                             /usr/lib/jvm/java-7-openjdk-amd64/jre/bin/java
00601000-00602000 rw-p 00001000 08:01 262861                             /usr/lib/jvm/java-7-openjdk-amd64/jre/bin/java
00fd7000-00ff8000 rw-p 00000000 00:00 0                                  [heap]
b0000000-b2580000 rw-p 00000000 00:00 0 
b2580000-c5550000 rw-p 00000000 00:00 0 
c5550000-ca02d000 rw-p 00000000 00:00 0 
cba3a000-f0000000 rw-p 00000000 00:00 0 
f0000000-f30f0000 rw-p 00000000 00:00 0 
f30f0000-100000000 rw-p 00000000 00:00 0 
7f0d45267000-7f0d45268000 rw-p 00000000 00:00 0 
7f0d45268000-7f0d4526a000 r--s 00004000 08:01 65692                      /root/.gradle/caches/modules-2/files-2.1/org.ow2.asm/asm-tree/4.0/67bd266cd17adcee486b76952ece4cc85fe248b8/asm-tree-4.0.jar
7f0d4526a000-7f0d45273000 r--s 000a7000 08:01 65691                      /root/.gradle/caches/modules-2/files-2.1/com.android.tools.external.lombok/lombok-ast/0.2.2/57e560b535ceaa14fb6f15422d74594acd6c5b64/lombok-ast-0.2.2.jar
7f0d45273000-7f0d45275000 r--s 0000a000 08:01 65690                      /root/.gradle/caches/modules-2/files-2.1/org.ow2.asm/asm/4.0/659add6efc75a4715d738e73f07505246edf4d66/asm-4.0.jar
7f0d45275000-7f0d45277000 r--s 0000d000 08:01 65689                      /root/.gradle/caches/modules-2/files-2.1/commons-codec/commons-codec/1.4/4216af16d38465bbab0f3dff8efa14204f7a399a/commons-codec-1.4.jar
7f0d45277000-7f0d45279000 r--s 0000d000 08:01 65688                      /root/.gradle/caches/modules-2/files-2.1/commons-logging/commons-logging/1.1.1/5043bfebc3db072ed80fbd362e7caf00e885d8ae/commons-logging-1.1.1.jar
7f0d45279000-7f0d4527e000 r--s 00028000 08:01 65687                      /root/.gradle/caches/modules-2/files-2.1/org.apache.httpcomponents/httpcore/4.1/33fc26c02f8043ab0ede19eadc8c9885386b255c/httpcore-4.1.jar
7f0d4527e000-7f0d4527f000 r--s 00004000 08:01 65686                      /root/.gradle/caches/modules-2/files-2.1/org.ow2.asm/asm-analysis/4.0/1c45d52b6f6c638db13cf3ac12adeb56b254cdd7/asm-analysis-4.0.jar
7f0d4527f000-7f0d45282000 r--s 00029000 08:01 65685                      /root/.gradle/caches/modules-2/files-2.1/com.android.tools.lint/lint-api/24.0.0/f7b3b232bc6a2a48a48dd3aedb80113c82d6acba/lint-api-24.0.0.jar
7f0d45282000-7f0d45289000 r--s 00053000 08:01 65684                      /root/.gradle/caches/modules-2/files-2.1/org.apache.commons/commons-compress/1.8.1/a698750c16740fd5b3871425f4cb3bbaa87f529d/commons-compress-1.8.1.jar
7f0d45289000-7f0d4528a000 r--s 00005000 08:01 65683                      /root/.gradle/caches/modules-2/files-2.1/com.android.tools/dvlib/24.0.0/ae24752eb30a9154f5a3d822b64d28d709b9c30b/dvlib-24.0.0.jar
7f0d4528a000-7f0d4528c000 r--s 00005000 08:01 65682                      /root/.gradle/caches/modules-2/files-2.1/org.apache.httpcomponents/httpmime/4.1/9ba2dcdf94ce35c8a8e9bff242db0618ca932e92/httpmime-4.1.jar
7f0d4528c000-7f0d45294000 r--s 0004e000 08:01 65681                      /root/.gradle/caches/modules-2/files-2.1/org.apache.httpcomponents/httpclient/4.1.1/3d1d918f32709e33ba7ddb2c4e8d1c543ebe713e/httpclient-4.1.1.jar
7f0d45294000-7f0d45297000 r--s 00011000 08:01 65680                      /root/.gradle/caches/modules-2/files-2.1/com.android.tools.layoutlib/layoutlib-api/24.0.0/a43d5bf045da108875a860767c453078b0d77795/layoutlib-api-24.0.0.jar
7f0d45297000-7f0d45298000 r--s 0000a000 08:01 65679                      /root/.gradle/caches/modules-2/files-2.1/net.sf.kxml/kxml2/2.3.0/ccbc77a5fd907ef863c29f3596c6f54ffa4e9442/kxml2-2.3.0.jar
7f0d45298000-7f0d452c3000 r--s 001f9000 08:01 65678                      /root/.gradle/caches/modules-2/files-2.1/com.google.guava/guava/17.0/9c6ef172e8de35fd8d4d8783e4821e57cdef7445/guava-17.0.jar
7f0d452c3000-7f0d452d3000 r--s 000d3000 08:01 65677                      /root/.gradle/caches/modules-2/files-2.1/net.sf.proguard/proguard-base/5.1/dc606dd778fe4685be16d5a171782ccfe0ef5637/proguard-base-5.1.jar
7f0d452d3000-7f0d452e2000 r--s 001a9000 08:01 65676                      /root/.gradle/caches/modules-2/files-2.1/org.eclipse.jdt.core.compiler/ecj/4.2.2/d9fd79499c664bccaf24dbe04be417de6c6af64a/ecj-4.2.2.jar
7f0d452e2000-7f0d452e7000 r--s 0008c000 08:01 65675                      /root/.gradle/caches/modules-2/files-2.1/com.android.tools.lint/lint-checks/24.0.0/9cb8d9c675a7716ac6f4d20df0ef0aba0e4519f5/lint-checks-24.0.0.jar
7f0d452e7000-7f0d452f5000 r--s 00081000 08:01 65674                      /root/.gradle/caches/modules-2/files-2.1/org.bouncycastle/bcpkix-jdk15on/1.48/28b7614b908a47844bb27e3c94b45b6893656265/bcpkix-jdk15on-1.48.jar
7f0d452f5000-7f0d452ff000 r--s 000a8000 08:01 65673                      /root/.gradle/caches/modules-2/files-2.1/com.android.tools/sdklib/24.0.0/df228874ac1c933b64492bdbe2d9bab5ab434166/sdklib-24.0.0.jar
7f0d452ff000-7f0d45301000 r--s 00003000 08:01 65672                      /root/.gradle/caches/modules-2/files-2.1/com.android.tools.build/builder-model/1.0.0/2a3969a9082b47a4855395de918682eee946285a/builder-model-1.0.0.jar
7f0d45301000-7f0d45304000 r--s 00029000 08:01 65671                      /root/.gradle/caches/modules-2/files-2.1/com.android.tools.build/manifest-merger/24.0.0/d0193672ed299817e4be2ba1caeeda4924b0e447/manifest-merger-24.0.0.jar
7f0d45304000-7f0d45309000 r--s 00042000 08:01 65670                      /root/.gradle/caches/modules-2/files-2.1/com.android.tools.ddms/ddmlib/24.0.0/25b4cd0c917c47ce599008f4431ecffa0a57b51a/ddmlib-24.0.0.jar
7f0d45309000-7f0d4530a000 r--s 00000000 08:01 65669                      /root/.gradle/caches/modules-2/files-2.1/com.android.tools.build/builder-test-api/1.0.0/2d6ea74b74f8d928e468ff623825d22a5d8a1649/builder-test-api-1.0.0.jar
7f0d4530a000-7f0d4533d000 r--s 00203000 08:01 65666                      /root/.gradle/caches/modules-2/files-2.1/org.bouncycastle/bcprov-jdk15on/1.48/960dea7c9181ba0b17e8bab0c06a43f0a5f04e65/bcprov-jdk15on-1.48.jar
7f0d4533d000-7f0d4534d000 r--s 00138000 08:01 65661                      /root/.gradle/caches/modules-2/files-2.1/com.android.tools.build/gradle/1.0.0/79f4ed9b6582ecec4d7b35aecfa45fbc48dadb96/gradle-1.0.0.jar
7f0d4534d000-7f0d45357000 r--s 000ae000 08:01 262913                     /usr/lib/jvm/java-7-openjdk-amd64/jre/lib/resources.jar
7f0d45357000-7f0d4535c000 r-xp 00000000 08:01 2145                       /lib/x86_64-linux-gnu/libnss_dns-2.19.so
7f0d4535c000-7f0d4555b000 ---p 00005000 08:01 2145                       /lib/x86_64-linux-gnu/libnss_dns-2.19.so
7f0d4555b000-7f0d4555c000 r--p 00004000 08:01 2145                       /lib/x86_64-linux-gnu/libnss_dns-2.19.so
7f0d4555c000-7f0d4555d000 rw-p 00005000 08:01 2145                       /lib/x86_64-linux-gnu/libnss_dns-2.19.so
7f0d4555d000-7f0d45560000 r-xp 00000000 08:01 59153                      /lib/x86_64-linux-gnu/libnss_myhostname.so.2
7f0d45560000-7f0d4575f000 ---p 00003000 08:01 59153                      /lib/x86_64-linux-gnu/libnss_myhostname.so.2
7f0d4575f000-7f0d45760000 r--p 00002000 08:01 59153                      /lib/x86_64-linux-gnu/libnss_myhostname.so.2
7f0d45760000-7f0d45761000 rw-p 00003000 08:01 59153                      /lib/x86_64-linux-gnu/libnss_myhostname.so.2
7f0d45761000-7f0d457d9000 r-xp 00000000 08:01 262326                     /usr/lib/x86_64-linux-gnu/nss/libfreebl3.so
7f0d457d9000-7f0d459d9000 ---p 00078000 08:01 262326                     /usr/lib/x86_64-linux-gnu/nss/libfreebl3.so
7f0d459d9000-7f0d459db000 r--p 00078000 08:01 262326                     /usr/lib/x86_64-linux-gnu/nss/libfreebl3.so
7f0d459db000-7f0d459dc000 rw-p 0007a000 08:01 262326                     /usr/lib/x86_64-linux-gnu/nss/libfreebl3.so
7f0d459dc000-7f0d459e0000 rw-p 00000000 00:00 0 
7f0d459e0000-7f0d45a94000 r-xp 00000000 08:01 54786                      /usr/lib/x86_64-linux-gnu/libsqlite3.so.0.8.6
7f0d45a94000-7f0d45c94000 ---p 000b4000 08:01 54786                      /usr/lib/x86_64-linux-gnu/libsqlite3.so.0.8.6
7f0d45c94000-7f0d45c96000 r--p 000b4000 08:01 54786                      /usr/lib/x86_64-linux-gnu/libsqlite3.so.0.8.6
7f0d45c96000-7f0d45c98000 rw-p 000b6000 08:01 54786                      /usr/lib/x86_64-linux-gnu/libsqlite3.so.0.8.6
7f0d45c98000-7f0d45c99000 rw-p 00000000 00:00 0 
7f0d45c99000-7f0d45cd9000 r-xp 00000000 08:01 262324                     /usr/lib/x86_64-linux-gnu/nss/libsoftokn3.so
7f0d45cd9000-7f0d45ed9000 ---p 00040000 08:01 262324                     /usr/lib/x86_64-linux-gnu/nss/libsoftokn3.so
7f0d45ed9000-7f0d45eda000 r--p 00040000 08:01 262324                     /usr/lib/x86_64-linux-gnu/nss/libsoftokn3.so
7f0d45eda000-7f0d45edb000 rw-p 00041000 08:01 262324                     /usr/lib/x86_64-linux-gnu/nss/libsoftokn3.so
7f0d45edb000-7f0d45f14000 r-xp 00000000 08:01 61706                      /usr/lib/x86_64-linux-gnu/libnspr4.so
7f0d45f14000-7f0d46113000 ---p 00039000 08:01 61706                      /usr/lib/x86_64-linux-gnu/libnspr4.so
7f0d46113000-7f0d46114000 r--p 00038000 08:01 61706                      /usr/lib/x86_64-linux-gnu/libnspr4.so
7f0d46114000-7f0d46115000 rw-p 00039000 08:01 61706                      /usr/lib/x86_64-linux-gnu/libnspr4.so
7f0d46115000-7f0d46118000 rw-p 00000000 00:00 0 
7f0d46118000-7f0d4611b000 r-xp 00000000 08:01 61702                      /usr/lib/x86_64-linux-gnu/libplds4.so
7f0d4611b000-7f0d4631a000 ---p 00003000 08:01 61702                      /usr/lib/x86_64-linux-gnu/libplds4.so
7f0d4631a000-7f0d4631b000 r--p 00002000 08:01 61702                      /usr/lib/x86_64-linux-gnu/libplds4.so
7f0d4631b000-7f0d4631c000 rw-p 00003000 08:01 61702                      /usr/lib/x86_64-linux-gnu/libplds4.so
7f0d4631c000-7f0d46320000 r-xp 00000000 08:01 61707                      /usr/lib/x86_64-linux-gnu/libplc4.so
7f0d46320000-7f0d4651f000 ---p 00004000 08:01 61707                      /usr/lib/x86_64-linux-gnu/libplc4.so
7f0d4651f000-7f0d46520000 r--p 00003000 08:01 61707                      /usr/lib/x86_64-linux-gnu/libplc4.so
7f0d46520000-7f0d46521000 rw-p 00004000 08:01 61707                      /usr/lib/x86_64-linux-gnu/libplc4.so
7f0d46521000-7f0d46546000 r-xp 00000000 08:01 61722                      /usr/lib/x86_64-linux-gnu/libnssutil3.so
7f0d46546000-7f0d46746000 ---p 00025000 08:01 61722                      /usr/lib/x86_64-linux-gnu/libnssutil3.so
7f0d46746000-7f0d4674c000 r--p 00025000 08:01 61722                      /usr/lib/x86_64-linux-gnu/libnssutil3.so
7f0d4674c000-7f0d4674d000 rw-p 0002b000 08:01 61722                      /usr/lib/x86_64-linux-gnu/libnssutil3.so
7f0d4674d000-7f0d46880000 r-xp 00000000 08:01 61724                      /usr/lib/x86_64-linux-gnu/libnss3.so
7f0d46880000-7f0d46a7f000 ---p 00133000 08:01 61724                      /usr/lib/x86_64-linux-gnu/libnss3.so
7f0d46a7f000-7f0d46a84000 r--p 00132000 08:01 61724                      /usr/lib/x86_64-linux-gnu/libnss3.so
7f0d46a84000-7f0d46a86000 rw-p 00137000 08:01 61724                      /usr/lib/x86_64-linux-gnu/libnss3.so
7f0d46a86000-7f0d46a87000 rw-p 00000000 00:00 0 
7f0d46a87000-7f0d46a89000 r--s 00014000 08:01 65668                      /root/.gradle/caches/modules-2/files-2.1/com.android.tools/common/24.0.0/271771234c82097345fb73c9571c403e22f62faf/common-24.0.0.jar
7f0d46a89000-7f0d46a8b000 r--s 00002000 08:01 65667                      /root/.gradle/caches/modules-2/files-2.1/com.squareup/javawriter/2.5.0/81241ff7078ef14f42ea2a8995fa09c096256e6b/javawriter-2.5.0.jar
7f0d46a8b000-7f0d46a90000 r--s 00047000 08:01 65665                      /root/.gradle/caches/modules-2/files-2.1/com.android.tools/sdk-common/24.0.0/ebb1e063b8c370a88a38bf46036dce3892fe6c01/sdk-common-24.0.0.jar
7f0d46a90000-7f0d46aa0000 r-xp 00000000 08:01 262881                     /usr/lib/jvm/java-7-openjdk-amd64/jre/lib/amd64/libj2pkcs11.so
7f0d46aa0000-7f0d46c9f000 ---p 00010000 08:01 262881                     /usr/lib/jvm/java-7-openjdk-amd64/jre/lib/amd64/libj2pkcs11.so
7f0d46c9f000-7f0d46ca0000 r--p 0000f000 08:01 262881                     /usr/lib/jvm/java-7-openjdk-amd64/jre/lib/amd64/libj2pkcs11.so
7f0d46ca0000-7f0d46ca1000 rw-p 00010000 08:01 262881                     /usr/lib/jvm/java-7-openjdk-amd64/jre/lib/amd64/libj2pkcs11.so
7f0d46ca1000-7f0d46ca4000 ---p 00000000 00:00 0 
7f0d46ca4000-7f0d46da2000 rw-p 00000000 00:00 0                          [stack:3039]
7f0d46da2000-7f0d46da5000 ---p 00000000 00:00 0 
7f0d46da5000-7f0d46ddb000 rw-p 00000000 00:00 0 
7f0d46ddb000-7f0d46e46000 r--s 0069d000 08:01 266313                     /usr/lib/jvm/java-7-openjdk-amd64/lib/tools.jar
7f0d46e46000-7f0d46e49000 ---p 00000000 00:00 0 
7f0d46e49000-7f0d46f47000 rw-p 00000000 00:00 0                          [stack:3150]
7f0d46f47000-7f0d46f4a000 ---p 00000000 00:00 0 
7f0d46f4a000-7f0d47048000 rw-p 00000000 00:00 0                          [stack:3147]
7f0d47048000-7f0d4704b000 ---p 00000000 00:00 0 
7f0d4704b000-7f0d47149000 rw-p 00000000 00:00 0                          [stack:3149]
7f0d47149000-7f0d4714c000 ---p 00000000 00:00 0 
7f0d4714c000-7f0d4724a000 rw-p 00000000 00:00 0                          [stack:3148]
7f0d4724a000-7f0d4724d000 ---p 00000000 00:00 0 
7f0d4724d000-7f0d4734b000 rw-p 00000000 00:00 0                          [stack:3146]
7f0d4734b000-7f0d4734e000 ---p 00000000 00:00 0 
7f0d4734e000-7f0d4744c000 rw-p 00000000 00:00 0                          [stack:3028]
7f0d4744c000-7f0d47450000 r-xp 00000000 08:01 274773                     /tmp/native-platform4097663068696796542dir/libnative-platform.so
7f0d47450000-7f0d4764f000 ---p 00004000 08:01 274773                     /tmp/native-platform4097663068696796542dir/libnative-platform.so
7f0d4764f000-7f0d47650000 rw-p 00003000 08:01 274773                     /tmp/native-platform4097663068696796542dir/libnative-platform.so
7f0d47650000-7f0d47655000 r--s 0001f000 08:01 534568                     /root/.gradle/wrapper/dists/gradle-2.2.1-all/2m8005s69iu8v0oiejfej094b/gradle-2.2.1/lib/plugins/gradle-javascript-2.2.1.jar
7f0d47655000-7f0d47656000 r--s 00002000 08:01 65664                      /root/.gradle/caches/modules-2/files-2.1/net.sf.proguard/proguard-gradle/5.1/672d43cbfde4765080e5bea19c51a2cc45dfc00/proguard-gradle-5.1.jar
7f0d47656000-7f0d47658000 r--s 00018000 08:01 65663                      /root/.gradle/caches/modules-2/files-2.1/com.android.tools.lint/lint/24.0.0/e3d6e09a113af66fd2e5dc6e4d2321d7b0d82328/lint-24.0.0.jar
7f0d47658000-7f0d4765c000 r--s 00031000 08:01 65662                      /root/.gradle/caches/modules-2/files-2.1/com.android.tools.build/builder/1.0.0/528fdfb8a4d51ae4177e7d913e88767916a84758/builder-1.0.0.jar
7f0d4765c000-7f0d4765e000 r--s 00018000 08:01 262870                     /usr/lib/jvm/java-7-openjdk-amd64/jre/lib/jce.jar
7f0d4765e000-7f0d4765f000 r--p 00000000 00:00 0 
7f0d4765f000-7f0d47666000 r--s 00000000 08:01 55010                      /usr/lib/x86_64-linux-gnu/gconv/gconv-modules.cache
7f0d47666000-7f0d4766a000 r--s 0004f000 08:01 262945                     /usr/lib/jvm/java-7-openjdk-amd64/jre/lib/jsse.jar
7f0d4766a000-7f0d4766b000 r--s 00001000 08:01 534585                     /root/.gradle/wrapper/dists/gradle-2.2.1-all/2m8005s69iu8v0oiejfej094b/gradle-2.2.1/lib/plugins/gradle-plugin-development-2.2.1.jar
7f0d4766b000-7f0d4766d000 r--s 00002000 08:01 534584                     /root/.gradle/wrapper/dists/gradle-2.2.1-all/2m8005s69iu8v0oiejfej094b/gradle-2.2.1/lib/plugins/gradle-cunit-2.2.1.jar
7f0d4766d000-7f0d47672000 r--s 00036000 08:01 534583                     /root/.gradle/wrapper/dists/gradle-2.2.1-all/2m8005s69iu8v0oiejfej094b/gradle-2.2.1/lib/plugins/gradle-ide-native-2.2.1.jar
7f0d47672000-7f0d47677000 r--s 00013000 08:01 534582                     /root/.gradle/wrapper/dists/gradle-2.2.1-all/2m8005s69iu8v0oiejfej094b/gradle-2.2.1/lib/plugins/gradle-language-native-2.2.1.jar
7f0d47677000-7f0d47682000 r--s 0004d000 08:01 534581                     /root/.gradle/wrapper/dists/gradle-2.2.1-all/2m8005s69iu8v0oiejfej094b/gradle-2.2.1/lib/plugins/gradle-platform-native-2.2.1.jar
7f0d47682000-7f0d47684000 r--s 00008000 08:01 534580                     /root/.gradle/wrapper/dists/gradle-2.2.1-all/2m8005s69iu8v0oiejfej094b/gradle-2.2.1/lib/plugins/gradle-language-groovy-2.2.1.jar
7f0d47684000-7f0d47689000 r--s 00022000 08:01 534579                     /root/.gradle/wrapper/dists/gradle-2.2.1-all/2m8005s69iu8v0oiejfej094b/gradle-2.2.1/lib/plugins/gradle-language-java-2.2.1.jar
7f0d47689000-7f0d4768c000 r--s 00007000 08:01 534578                     /root/.gradle/wrapper/dists/gradle-2.2.1-all/2m8005s69iu8v0oiejfej094b/gradle-2.2.1/lib/plugins/gradle-language-jvm-2.2.1.jar
7f0d4768c000-7f0d4768f000 r--s 00009000 08:01 534577                     /root/.gradle/wrapper/dists/gradle-2.2.1-all/2m8005s69iu8v0oiejfej094b/gradle-2.2.1/lib/plugins/gradle-platform-jvm-2.2.1.jar
7f0d4768f000-7f0d47694000 r--s 00018000 08:01 534576                     /root/.gradle/wrapper/dists/gradle-2.2.1-all/2m8005s69iu8v0oiejfej094b/gradle-2.2.1/lib/plugins/gradle-platform-base-2.2.1.jar
7f0d47694000-7f0d47699000 r--s 00026000 08:01 534575                     /root/.gradle/wrapper/dists/gradle-2.2.1-all/2m8005s69iu8v0oiejfej094b/gradle-2.2.1/lib/plugins/gradle-build-init-2.2.1.jar
7f0d47699000-7f0d4769c000 r--s 0001d000 08:01 534574                     /root/.gradle/wrapper/dists/gradle-2.2.1-all/2m8005s69iu8v0oiejfej094b/gradle-2.2.1/lib/plugins/gradle-jacoco-2.2.1.jar
7f0d4769c000-7f0d4769f000 r--s 0000d000 08:01 534573                     /root/.gradle/wrapper/dists/gradle-2.2.1-all/2m8005s69iu8v0oiejfej094b/gradle-2.2.1/lib/plugins/gradle-ivy-2.2.1.jar
7f0d4769f000-7f0d476a1000 r--s 00002000 08:01 534572                     /root/.gradle/wrapper/dists/gradle-2.2.1-all/2m8005s69iu8v0oiejfej094b/gradle-2.2.1/lib/plugins/gradle-publish-2.2.1.jar
7f0d476a1000-7f0d476a3000 r--s 00005000 08:01 534610                     /root/.gradle/wrapper/dists/gradle-2.2.1-all/2m8005s69iu8v0oiejfej094b/gradle-2.2.1/lib/plugins/jatl-0.2.2.jar
7f0d476a3000-7f0d476a5000 r--s 0000f000 08:01 534571                     /root/.gradle/wrapper/dists/gradle-2.2.1-all/2m8005s69iu8v0oiejfej094b/gradle-2.2.1/lib/plugins/gradle-reporting-2.2.1.jar
7f0d476a5000-7f0d476aa000 r--s 00034000 08:01 534570                     /root/.gradle/wrapper/dists/gradle-2.2.1-all/2m8005s69iu8v0oiejfej094b/gradle-2.2.1/lib/plugins/gradle-diagnostics-2.2.1.jar
7f0d476aa000-7f0d476b1000 r--s 00090000 08:01 534569                     /root/.gradle/wrapper/dists/gradle-2.2.1-all/2m8005s69iu8v0oiejfej094b/gradle-2.2.1/lib/plugins/gradle-build-comparison-2.2.1.jar
7f0d476b1000-7f0d476b8000 r--s 00035000 08:01 534609                     /root/.gradle/wrapper/dists/gradle-2.2.1-all/2m8005s69iu8v0oiejfej094b/gradle-2.2.1/lib/plugins/simple-4.1.21.jar
7f0d476b8000-7f0d476c4000 r--s 00100000 08:01 534607                     /root/.gradle/wrapper/dists/gradle-2.2.1-all/2m8005s69iu8v0oiejfej094b/gradle-2.2.1/lib/plugins/rhino-1.7R3.jar
7f0d476c4000-7f0d476c6000 r--s 0000e000 08:01 534567                     /root/.gradle/wrapper/dists/gradle-2.2.1-all/2m8005s69iu8v0oiejfej094b/gradle-2.2.1/lib/plugins/gradle-ear-2.2.1.jar
7f0d476c6000-7f0d476ca000 r--s 00025000 08:01 534606                     /root/.gradle/wrapper/dists/gradle-2.2.1-all/2m8005s69iu8v0oiejfej094b/gradle-2.2.1/lib/plugins/bcpg-jdk15-1.46.jar
7f0d476ca000-7f0d476cd000 r--s 0001d000 08:01 534566                     /root/.gradle/wrapper/dists/gradle-2.2.1-all/2m8005s69iu8v0oiejfej094b/gradle-2.2.1/lib/plugins/gradle-signing-2.2.1.jar
7f0d476cd000-7f0d476ce000 r--s 00002000 08:01 534605                     /root/.gradle/wrapper/dists/gradle-2.2.1-all/2m8005s69iu8v0oiejfej094b/gradle-2.2.1/lib/plugins/sonar-batch-bootstrapper-2.9.jar
7f0d476ce000-7f0d476d1000 r--s 00018000 08:01 534565                     /root/.gradle/wrapper/dists/gradle-2.2.1-all/2m8005s69iu8v0oiejfej094b/gradle-2.2.1/lib/plugins/gradle-sonar-2.2.1.jar
7f0d476d1000-7f0d476d4000 r--s 00017000 08:01 534564                     /root/.gradle/wrapper/dists/gradle-2.2.1-all/2m8005s69iu8v0oiejfej094b/gradle-2.2.1/lib/plugins/gradle-scala-2.2.1.jar
7f0d476d4000-7f0d476d6000 r--s 0000e000 08:01 534563                     /root/.gradle/wrapper/dists/gradle-2.2.1-all/2m8005s69iu8v0oiejfej094b/gradle-2.2.1/lib/plugins/gradle-announce-2.2.1.jar
7f0d476d6000-7f0d476e4000 r--s 000bc000 08:01 534562                     /root/.gradle/wrapper/dists/gradle-2.2.1-all/2m8005s69iu8v0oiejfej094b/gradle-2.2.1/lib/plugins/gradle-ide-2.2.1.jar
7f0d476e4000-7f0d476e6000 r--s 00000000 08:01 534604                     /root/.gradle/wrapper/dists/gradle-2.2.1-all/2m8005s69iu8v0oiejfej094b/gradle-2.2.1/lib/plugins/plexus-component-annotations-1.5.2.jar
7f0d476e6000-7f0d476e9000 r--s 0000c000 08:01 534603                     /root/.gradle/wrapper/dists/gradle-2.2.1-all/2m8005s69iu8v0oiejfej094b/gradle-2.2.1/lib/plugins/pmaven-groovy-0.8-20100325.jar
7f0d476e9000-7f0d476ea000 r--s 00004000 08:01 534602                     /root/.gradle/wrapper/dists/gradle-2.2.1-all/2m8005s69iu8v0oiejfej094b/gradle-2.2.1/lib/plugins/pmaven-common-0.8-20100325.jar
7f0d476ea000-7f0d476ee000 r--s 0001e000 08:01 534561                     /root/.gradle/wrapper/dists/gradle-2.2.1-all/2m8005s69iu8v0oiejfej094b/gradle-2.2.1/lib/plugins/gradle-maven-2.2.1.jar
7f0d476ee000-7f0d47706000 r--s 0013b000 08:01 534600                     /root/.gradle/wrapper/dists/gradle-2.2.1-all/2m8005s69iu8v0oiejfej094b/gradle-2.2.1/lib/plugins/bndlib-2.1.0.jar
7f0d47706000-7f0d47708000 r--s 00004000 08:01 534560                     /root/.gradle/wrapper/dists/gradle-2.2.1-all/2m8005s69iu8v0oiejfej094b/gradle-2.2.1/lib/plugins/gradle-osgi-2.2.1.jar
7f0d47708000-7f0d4770d000 r--s 00068000 08:01 534599                     /root/.gradle/wrapper/dists/gradle-2.2.1-all/2m8005s69iu8v0oiejfej094b/gradle-2.2.1/lib/plugins/antlr-2.7.7.jar
7f0d4770d000-7f0d4770e000 r--s 00002000 08:01 534598                     /root/.gradle/wrapper/dists/gradle-2.2.1-all/2m8005s69iu8v0oiejfej094b/gradle-2.2.1/lib/plugins/ant-antlr-1.9.3.jar
7f0d4770e000-7f0d47710000 r--s 00004000 08:01 534559                     /root/.gradle/wrapper/dists/gradle-2.2.1-all/2m8005s69iu8v0oiejfej094b/gradle-2.2.1/lib/plugins/gradle-antlr-2.2.1.jar
7f0d47710000-7f0d47713000 r--s 0001e000 08:01 534621                     /root/.gradle/wrapper/dists/gradle-2.2.1-all/2m8005s69iu8v0oiejfej094b/gradle-2.2.1/lib/plugins/jsp-api-2.1-6.1.14.jar
7f0d47713000-7f0d47736000 r--s 00344000 08:01 534620                     /root/.gradle/wrapper/dists/gradle-2.2.1-all/2m8005s69iu8v0oiejfej094b/gradle-2.2.1/lib/plugins/core-3.1.1.jar
7f0d47736000-7f0d47737000 r--s 00006000 08:01 534619                     /root/.gradle/wrapper/dists/gradle-2.2.1-all/2m8005s69iu8v0oiejfej094b/gradle-2.2.1/lib/plugins/jetty-naming-6.1.25.jar
7f0d47737000-7f0d47738000 r--s 00002000 08:01 534597                     /root/.gradle/wrapper/dists/gradle-2.2.1-all/2m8005s69iu8v0oiejfej094b/gradle-2.2.1/lib/plugins/geronimo-annotation_1.0_spec-1.0.jar
7f0d47738000-7f0d4773a000 r--s 00002000 08:01 534596                     /root/.gradle/wrapper/dists/gradle-2.2.1-all/2m8005s69iu8v0oiejfej094b/gradle-2.2.1/lib/plugins/jetty-annotations-6.1.25.jar
7f0d4773a000-7f0d4774b000 r--s 000ea000 08:01 534595                     /root/.gradle/wrapper/dists/gradle-2.2.1-all/2m8005s69iu8v0oiejfej094b/gradle-2.2.1/lib/plugins/jsp-2.1-6.1.14.jar
7f0d4774b000-7f0d4774d000 r--s 0000d000 08:01 534594                     /root/.gradle/wrapper/dists/gradle-2.2.1-all/2m8005s69iu8v0oiejfej094b/gradle-2.2.1/lib/plugins/jetty-plus-6.1.25.jar
7f0d4774d000-7f0d4774f000 r--s 0001f000 08:01 534593                     /root/.gradle/wrapper/dists/gradle-2.2.1-all/2m8005s69iu8v0oiejfej094b/gradle-2.2.1/lib/plugins/servlet-api-2.5-20081211.jar
7f0d4774f000-7f0d47753000 r--s 00028000 08:01 534592                     /root/.gradle/wrapper/dists/gradle-2.2.1-all/2m8005s69iu8v0oiejfej094b/gradle-2.2.1/lib/plugins/jetty-util-6.1.25.jar
7f0d47753000-7f0d4775a000 r--s 0007d000 08:01 534591                     /root/.gradle/wrapper/dists/gradle-2.2.1-all/2m8005s69iu8v0oiejfej094b/gradle-2.2.1/lib/plugins/jetty-6.1.25.jar
7f0d4775a000-7f0d4775c000 r--s 00009000 08:01 534558                     /root/.gradle/wrapper/dists/gradle-2.2.1-all/2m8005s69iu8v0oiejfej094b/gradle-2.2.1/lib/plugins/gradle-jetty-2.2.1.jar
7f0d4775c000-7f0d47761000 r--s 00041000 08:01 534557                     /root/.gradle/wrapper/dists/gradle-2.2.1-all/2m8005s69iu8v0oiejfej094b/gradle-2.2.1/lib/plugins/gradle-code-quality-2.2.1.jar
7f0d47761000-7f0d47763000 r--s 00009000 08:01 534629                     /root/.gradle/wrapper/dists/gradle-2.2.1-all/2m8005s69iu8v0oiejfej094b/gradle-2.2.1/lib/plugins/hamcrest-core-1.3.jar
7f0d47763000-7f0d47769000 r--s 00033000 08:01 534618                     /root/.gradle/wrapper/dists/gradle-2.2.1-all/2m8005s69iu8v0oiejfej094b/gradle-2.2.1/lib/plugins/snakeyaml-1.6.jar
7f0d47769000-7f0d4776b000 r--s 00006000 08:01 534617                     /root/.gradle/wrapper/dists/gradle-2.2.1-all/2m8005s69iu8v0oiejfej094b/gradle-2.2.1/lib/plugins/jcommander-1.12.jar
7f0d4776b000-7f0d47770000 r--s 00040000 08:01 534616                     /root/.gradle/wrapper/dists/gradle-2.2.1-all/2m8005s69iu8v0oiejfej094b/gradle-2.2.1/lib/plugins/bsh-2.0b4.jar
7f0d47770000-7f0d47772000 r--s 00009000 08:01 534590                     /root/.gradle/wrapper/dists/gradle-2.2.1-all/2m8005s69iu8v0oiejfej094b/gradle-2.2.1/lib/plugins/commons-cli-1.2.jar
7f0d47772000-7f0d4777b000 r--s 00089000 08:01 534589                     /root/.gradle/wrapper/dists/gradle-2.2.1-all/2m8005s69iu8v0oiejfej094b/gradle-2.2.1/lib/plugins/testng-6.3.1.jar
7f0d4777b000-7f0d47781000 r--s 00036000 08:01 534588                     /root/.gradle/wrapper/dists/gradle-2.2.1-all/2m8005s69iu8v0oiejfej094b/gradle-2.2.1/lib/plugins/junit-4.11.jar
7f0d47781000-7f0d4778d000 r--s 00075000 08:01 534556                     /root/.gradle/wrapper/dists/gradle-2.2.1-all/2m8005s69iu8v0oiejfej094b/gradle-2.2.1/lib/plugins/gradle-plugins-2.2.1.jar
7f0d4778d000-7f0d4779d000 r-xp 00000000 08:01 262910                     /usr/lib/jvm/java-7-openjdk-amd64/jre/lib/amd64/libnio.so
7f0d4779d000-7f0d4799d000 ---p 00010000 08:01 262910                     /usr/lib/jvm/java-7-openjdk-amd64/jre/lib/amd64/libnio.so
7f0d4799d000-7f0d4799e000 r--p 00010000 08:01 262910                     /usr/lib/jvm/java-7-openjdk-amd64/jre/lib/amd64/libnio.so
7f0d4799e000-7f0d4799f000 rw-p 00011000 08:01 262910                     /usr/lib/jvm/java-7-openjdk-amd64/jre/lib/amd64/libnio.so
7f0d4799f000-7f0d479dc000 r-xp 00000000 08:01 2080                       /lib/x86_64-linux-gnu/libpcre.so.3.13.1
7f0d479dc000-7f0d47bdb000 ---p 0003d000 08:01 2080                       /lib/x86_64-linux-gnu/libpcre.so.3.13.1
7f0d47bdb000-7f0d47bdc000 r--p 0003c000 08:01 2080                       /lib/x86_64-linux-gnu/libpcre.so.3.13.1
7f0d47bdc000-7f0d47bdd000 rw-p 0003d000 08:01 2080                       /lib/x86_64-linux-gnu/libpcre.so.3.13.1
7f0d47bdd000-7f0d47be4000 r-xp 00000000 08:01 54556                      /usr/lib/x86_64-linux-gnu/libffi.so.6.0.1
7f0d47be4000-7f0d47de3000 ---p 00007000 08:01 54556                      /usr/lib/x86_64-linux-gnu/libffi.so.6.0.1
7f0d47de3000-7f0d47de4000 r--p 00006000 08:01 54556                      /usr/lib/x86_64-linux-gnu/libffi.so.6.0.1
7f0d47de4000-7f0d47de5000 rw-p 00007000 08:01 54556                      /usr/lib/x86_64-linux-gnu/libffi.so.6.0.1
7f0d47de5000-7f0d47dfc000 r-xp 00000000 08:01 2100                       /lib/x86_64-linux-gnu/libresolv-2.19.so
7f0d47dfc000-7f0d47ffc000 ---p 00017000 08:01 2100                       /lib/x86_64-linux-gnu/libresolv-2.19.so
7f0d47ffc000-7f0d47ffd000 r--p 00017000 08:01 2100                       /lib/x86_64-linux-gnu/libresolv-2.19.so
7f0d47ffd000-7f0d47ffe000 rw-p 00018000 08:01 2100                       /lib/x86_64-linux-gnu/libresolv-2.19.so
7f0d47ffe000-7f0d48000000 rw-p 00000000 00:00 0 
7f0d48000000-7f0d499cf000 rw-p 00000000 00:00 0 
7f0d499cf000-7f0d4c000000 ---p 00000000 00:00 0 
7f0d4c000000-7f0d4c030000 rw-p 00000000 00:00 0 
7f0d4c030000-7f0d50000000 ---p 00000000 00:00 0 
7f0d50000000-7f0d50021000 rw-p 00000000 00:00 0 
7f0d50021000-7f0d54000000 ---p 00000000 00:00 0 
7f0d54000000-7f0d55ac2000 rw-p 00000000 00:00 0 
7f0d55ac2000-7f0d58000000 ---p 00000000 00:00 0 
7f0d58000000-7f0d58021000 rw-p 00000000 00:00 0 
7f0d58021000-7f0d5c000000 ---p 00000000 00:00 0 
7f0d5c000000-7f0d5ccbb000 rw-p 00000000 00:00 0 
7f0d5ccbb000-7f0d60000000 ---p 00000000 00:00 0 
7f0d60000000-7f0d60162000 rw-p 00000000 00:00 0 
7f0d60162000-7f0d64000000 ---p 00000000 00:00 0 
7f0d64000000-7f0d64003000 r--s 00011000 08:01 534586                     /root/.gradle/wrapper/dists/gradle-2.2.1-all/2m8005s69iu8v0oiejfej094b/gradle-2.2.1/lib/plugins/gradle-plugin-use-2.2.1.jar
7f0d64003000-7f0d6401b000 r--s 00115000 08:01 534627                     /root/.gradle/wrapper/dists/gradle-2.2.1-all/2m8005s69iu8v0oiejfej094b/gradle-2.2.1/lib/plugins/xercesImpl-2.9.1.jar
7f0d6401b000-7f0d64023000 r--s 00028000 08:01 534628                     /root/.gradle/wrapper/dists/gradle-2.2.1-all/2m8005s69iu8v0oiejfej094b/gradle-2.2.1/lib/plugins/xml-apis-1.3.04.jar
7f0d64023000-7f0d64029000 r--s 0005b000 08:01 534626                     /root/.gradle/wrapper/dists/gradle-2.2.1-all/2m8005s69iu8v0oiejfej094b/gradle-2.2.1/lib/plugins/jcifs-1.3.17.jar
7f0d64029000-7f0d6402f000 r--s 00031000 08:01 534625                     /root/.gradle/wrapper/dists/gradle-2.2.1-all/2m8005s69iu8v0oiejfej094b/gradle-2.2.1/lib/plugins/httpcore-4.2.2.jar
7f0d6402f000-7f0d64035000 r--s 00033000 08:01 534624                     /root/.gradle/wrapper/dists/gradle-2.2.1-all/2m8005s69iu8v0oiejfej094b/gradle-2.2.1/lib/plugins/commons-codec-1.6.jar
7f0d64035000-7f0d64038000 r--s 0001c000 08:01 534623                     /root/.gradle/wrapper/dists/gradle-2.2.1-all/2m8005s69iu8v0oiejfej094b/gradle-2.2.1/lib/plugins/nekohtml-1.9.14.jar
7f0d64038000-7f0d64041000 r--s 00060000 08:01 534622                     /root/.gradle/wrapper/dists/gradle-2.2.1-all/2m8005s69iu8v0oiejfej094b/gradle-2.2.1/lib/plugins/httpclient-4.2.2.jar
7f0d64041000-7f0d64043000 r--s 00007000 08:01 534611                     /root/.gradle/wrapper/dists/gradle-2.2.1-all/2m8005s69iu8v0oiejfej094b/gradle-2.2.1/lib/plugins/gradle-resources-http-2.2.1.jar
7f0d64043000-7f0d6406b000 r--s 00194000 08:01 534615                     /root/.gradle/wrapper/dists/gradle-2.2.1-all/2m8005s69iu8v0oiejfej094b/gradle-2.2.1/lib/plugins/bcprov-jdk15-1.46.jar
7f0d6406b000-7f0d6406f000 r--s 0001d000 08:01 534614                     /root/.gradle/wrapper/dists/gradle-2.2.1-all/2m8005s69iu8v0oiejfej094b/gradle-2.2.1/lib/plugins/xbean-reflect-3.4.jar
7f0d6406f000-7f0d64074000 r--s 0002a000 08:01 534608                     /root/.gradle/wrapper/dists/gradle-2.2.1-all/2m8005s69iu8v0oiejfej094b/gradle-2.2.1/lib/plugins/gson-2.2.4.jar
7f0d64074000-7f0d64078000 r--s 0003d000 08:01 534613                     /root/.gradle/wrapper/dists/gradle-2.2.1-all/2m8005s69iu8v0oiejfej094b/gradle-2.2.1/lib/plugins/jsch-0.1.51.jar
7f0d64078000-7f0d64091000 r--s 00129000 08:01 534601                     /root/.gradle/wrapper/dists/gradle-2.2.1-all/2m8005s69iu8v0oiejfej094b/gradle-2.2.1/lib/plugins/maven-ant-tasks-2.1.3.jar
7f0d64091000-7f0d640a0000 r--s 000d9000 08:01 534612                     /root/.gradle/wrapper/dists/gradle-2.2.1-all/2m8005s69iu8v0oiejfej094b/gradle-2.2.1/lib/plugins/ivy-2.2.0.jar
7f0d640a0000-7f0d640a4000 r--s 0001e000 08:01 534555                     /root/.gradle/wrapper/dists/gradle-2.2.1-all/2m8005s69iu8v0oiejfej094b/gradle-2.2.1/lib/plugins/jarjar-aether-impl-1.13.1.jar
7f0d640a4000-7f0d640a7000 r--s 00027000 08:01 534554                     /root/.gradle/wrapper/dists/gradle-2.2.1-all/2m8005s69iu8v0oiejfej094b/gradle-2.2.1/lib/plugins/jarjar-maven-model-3.0.4.jar
7f0d640a7000-7f0d640aa000 r--s 0000b000 08:01 534553                     /root/.gradle/wrapper/dists/gradle-2.2.1-all/2m8005s69iu8v0oiejfej094b/gradle-2.2.1/lib/plugins/jarjar-maven-artifact-3.0.4.jar
7f0d640aa000-7f0d640ae000 r--s 0001e000 08:01 534552                     /root/.gradle/wrapper/dists/gradle-2.2.1-all/2m8005s69iu8v0oiejfej094b/gradle-2.2.1/lib/plugins/jarjar-aether-util-1.13.1.jar
7f0d640ae000-7f0d640b0000 r--s 00007000 08:01 534551                     /root/.gradle/wrapper/dists/gradle-2.2.1-all/2m8005s69iu8v0oiejfej094b/gradle-2.2.1/lib/plugins/jarjar-wagon-http-shared4-2.4.jar
7f0d640b0000-7f0d640bd000 r--s 00083000 08:01 534550                     /root/.gradle/wrapper/dists/gradle-2.2.1-all/2m8005s69iu8v0oiejfej094b/gradle-2.2.1/lib/plugins/jarjar-maven-core-3.0.4.jar
7f0d640bd000-7f0d640bf000 r--s 00003000 08:01 534549                     /root/.gradle/wrapper/dists/gradle-2.2.1-all/2m8005s69iu8v0oiejfej094b/gradle-2.2.1/lib/plugins/jarjar-aether-spi-1.13.1.jar
7f0d640bf000-7f0d640c1000 r--s 00009000 08:01 534548                     /root/.gradle/wrapper/dists/gradle-2.2.1-all/2m8005s69iu8v0oiejfej094b/gradle-2.2.1/lib/plugins/jarjar-maven-settings-builder-3.0.4.jar
7f0d640c1000-7f0d640c5000 r--s 00014000 08:01 534547                     /root/.gradle/wrapper/dists/gradle-2.2.1-all/2m8005s69iu8v0oiejfej094b/gradle-2.2.1/lib/plugins/jarjar-aether-api-1.13.1.jar
7f0d640c5000-7f0d640cc000 r--s 00042000 08:01 534545                     /root/.gradle/wrapper/dists/gradle-2.2.1-all/2m8005s69iu8v0oiejfej094b/gradle-2.2.1/lib/plugins/jarjar-maven-compat-3.0.4.jar
7f0d640cc000-7f0d640ce000 r--s 00006000 08:01 534544                     /root/.gradle/wrapper/dists/gradle-2.2.1-all/2m8005s69iu8v0oiejfej094b/gradle-2.2.1/lib/plugins/jarjar-aether-connector-wagon-1.13.1.jar
7f0d640ce000-7f0d640d0000 r--s 00000000 08:01 534543                     /root/.gradle/wrapper/dists/gradle-2.2.1-all/2m8005s69iu8v0oiejfej094b/gradle-2.2.1/lib/plugins/jarjar-plexus-component-annotations-1.5.5.jar
7f0d640d0000-7f0d640d2000 r--s 00006000 08:01 534542                     /root/.gradle/wrapper/dists/gradle-2.2.1-all/2m8005s69iu8v0oiejfej094b/gradle-2.2.1/lib/plugins/jarjar-plexus-sec-dispatcher-1.3.jar
7f0d640d2000-7f0d640d7000 r--s 00022000 08:01 534541                     /root/.gradle/wrapper/dists/gradle-2.2.1-all/2m8005s69iu8v0oiejfej094b/gradle-2.2.1/lib/plugins/jarjar-maven-model-builder-3.0.4.jar
7f0d640d7000-7f0d640d9000 r--s 0000b000 08:01 534540                     /root/.gradle/wrapper/dists/gradle-2.2.1-all/2m8005s69iu8v0oiejfej094b/gradle-2.2.1/lib/plugins/jarjar-maven-plugin-api-3.0.4.jar
7f0d640d9000-7f0d640dd000 r--s 00035000 08:01 534538                     /root/.gradle/wrapper/dists/gradle-2.2.1-all/2m8005s69iu8v0oiejfej094b/gradle-2.2.1/lib/plugins/jarjar-plexus-utils-2.0.6.jar
7f0d640dd000-7f0d640f5000 r--s 000b5000 08:01 534587                     /root/.gradle/wrapper/dists/gradle-2.2.1-all/2m8005s69iu8v0oiejfej094b/gradle-2.2.1/lib/plugins/gradle-dependency-management-2.2.1.jar
7f0d640f5000-7f0d64115000 r-xp 00000000 08:01 2118                       /lib/x86_64-linux-gnu/libselinux.so.1
7f0d64115000-7f0d64314000 ---p 00020000 08:01 2118                       /lib/x86_64-linux-gnu/libselinux.so.1
7f0d64314000-7f0d64315000 r--p 0001f000 08:01 2118                       /lib/x86_64-linux-gnu/libselinux.so.1
7f0d64315000-7f0d64316000 rw-p 00020000 08:01 2118                       /lib/x86_64-linux-gnu/libselinux.so.1
7f0d64316000-7f0d64318000 rw-p 00000000 00:00 0 
7f0d64318000-7f0d6431b000 r-xp 00000000 08:01 54626                      /usr/lib/x86_64-linux-gnu/libgmodule-2.0.so.0.4002.0
7f0d6431b000-7f0d6451a000 ---p 00003000 08:01 54626                      /usr/lib/x86_64-linux-gnu/libgmodule-2.0.so.0.4002.0
7f0d6451a000-7f0d6451b000 r--p 00002000 08:01 54626                      /usr/lib/x86_64-linux-gnu/libgmodule-2.0.so.0.4002.0
7f0d6451b000-7f0d6451c000 rw-p 00003000 08:01 54626                      /usr/lib/x86_64-linux-gnu/libgmodule-2.0.so.0.4002.0
7f0d6451c000-7f0d64622000 r-xp 00000000 08:01 2154                       /lib/x86_64-linux-gnu/libglib-2.0.so.0.4002.0
7f0d64622000-7f0d64821000 ---p 00106000 08:01 2154                       /lib/x86_64-linux-gnu/libglib-2.0.so.0.4002.0
7f0d64821000-7f0d64822000 r--p 00105000 08:01 2154                       /lib/x86_64-linux-gnu/libglib-2.0.so.0.4002.0
7f0d64822000-7f0d64823000 rw-p 00106000 08:01 2154                       /lib/x86_64-linux-gnu/libglib-2.0.so.0.4002.0
7f0d64823000-7f0d64824000 rw-p 00000000 00:00 0 
7f0d64824000-7f0d64873000 r-xp 00000000 08:01 54749                      /usr/lib/x86_64-linux-gnu/libgobject-2.0.so.0.4002.0
7f0d64873000-7f0d64a73000 ---p 0004f000 08:01 54749                      /usr/lib/x86_64-linux-gnu/libgobject-2.0.so.0.4002.0
7f0d64a73000-7f0d64a74000 r--p 0004f000 08:01 54749                      /usr/lib/x86_64-linux-gnu/libgobject-2.0.so.0.4002.0
7f0d64a74000-7f0d64a75000 rw-p 00050000 08:01 54749                      /usr/lib/x86_64-linux-gnu/libgobject-2.0.so.0.4002.0
7f0d64a75000-7f0d64be1000 r-xp 00000000 08:01 54778                      /usr/lib/x86_64-linux-gnu/libgio-2.0.so.0.4002.0
7f0d64be1000-7f0d64de0000 ---p 0016c000 08:01 54778                      /usr/lib/x86_64-linux-gnu/libgio-2.0.so.0.4002.0
7f0d64de0000-7f0d64de4000 r--p 0016b000 08:01 54778                      /usr/lib/x86_64-linux-gnu/libgio-2.0.so.0.4002.0
7f0d64de4000-7f0d64de6000 rw-p 0016f000 08:01 54778                      /usr/lib/x86_64-linux-gnu/libgio-2.0.so.0.4002.0
7f0d64de6000-7f0d64de8000 rw-p 00000000 00:00 0 
7f0d64de8000-7f0d64dff000 r-xp 00000000 08:01 262886                     /usr/lib/jvm/java-7-openjdk-amd64/jre/lib/amd64/libnet.so
7f0d64dff000-7f0d64ffe000 ---p 00017000 08:01 262886                     /usr/lib/jvm/java-7-openjdk-amd64/jre/lib/amd64/libnet.so
7f0d64ffe000-7f0d64fff000 r--p 00016000 08:01 262886                     /usr/lib/jvm/java-7-openjdk-amd64/jre/lib/amd64/libnet.so
7f0d64fff000-7f0d65000000 rw-p 00017000 08:01 262886                     /usr/lib/jvm/java-7-openjdk-amd64/jre/lib/amd64/libnet.so
7f0d65000000-7f0d65510000 rwxp 00000000 00:00 0 
7f0d65510000-7f0d689de000 rw-p 00000000 00:00 0 
7f0d689de000-7f0d6c000000 ---p 00000000 00:00 0 
7f0d6c000000-7f0d6c003000 r--s 0000a000 08:01 534539                     /root/.gradle/wrapper/dists/gradle-2.2.1-all/2m8005s69iu8v0oiejfej094b/gradle-2.2.1/lib/plugins/jarjar-plexus-classworlds-2.4.jar
7f0d6c003000-7f0d6c005000 r--s 0000e000 08:01 534537                     /root/.gradle/wrapper/dists/gradle-2.2.1-all/2m8005s69iu8v0oiejfej094b/gradle-2.2.1/lib/plugins/jarjar-plexus-interpolation-1.14.jar
7f0d6c005000-7f0d6c00d000 r--s 00031000 08:01 534533                     /root/.gradle/wrapper/dists/gradle-2.2.1-all/2m8005s69iu8v0oiejfej094b/gradle-2.2.1/lib/plugins/jarjar-plexus-container-default-1.5.5.jar
7f0d6c00d000-7f0d6c03e000 rw-p 00000000 00:00 0 
7f0d6c03e000-7f0d6c03f000 r--s 00002000 08:01 534546                     /root/.gradle/wrapper/dists/gradle-2.2.1-all/2m8005s69iu8v0oiejfej094b/gradle-2.2.1/lib/plugins/jarjar-wagon-http-2.4.jar
7f0d6c03f000-7f0d6c041000 r--s 00002000 08:01 534536                     /root/.gradle/wrapper/dists/gradle-2.2.1-all/2m8005s69iu8v0oiejfej094b/gradle-2.2.1/lib/plugins/jarjar-plexus-cipher-1.7.jar
7f0d6c041000-7f0d6c043000 r--s 0000c000 08:01 534535                     /root/.gradle/wrapper/dists/gradle-2.2.1-all/2m8005s69iu8v0oiejfej094b/gradle-2.2.1/lib/plugins/jarjar-wagon-provider-api-2.4.jar
7f0d6c043000-7f0d6c045000 r--s 0000d000 08:01 534534                     /root/.gradle/wrapper/dists/gradle-2.2.1-all/2m8005s69iu8v0oiejfej094b/gradle-2.2.1/lib/plugins/jarjar-maven-aether-provider-3.0.4.jar
7f0d6c045000-7f0d6c046000 r--s 00007000 08:01 534532                     /root/.gradle/wrapper/dists/gradle-2.2.1-all/2m8005s69iu8v0oiejfej094b/gradle-2.2.1/lib/plugins/jarjar-maven-repository-metadata-3.0.4.jar
7f0d6c046000-7f0d6c047000 r--s 0000b000 08:01 534531                     /root/.gradle/wrapper/dists/gradle-2.2.1-all/2m8005s69iu8v0oiejfej094b/gradle-2.2.1/lib/plugins/jarjar-maven-settings-3.0.4.jar
7f0d6c047000-7f0d6c048000 r--s 00005000 08:01 534482                     /root/.gradle/wrapper/dists/gradle-2.2.1-all/2m8005s69iu8v0oiejfej094b/gradle-2.2.1/lib/gradle-wrapper-2.2.1.jar
7f0d6c048000-7f0d6c051000 r--s 0002c000 08:01 534487                     /root/.gradle/wrapper/dists/gradle-2.2.1-all/2m8005s69iu8v0oiejfej094b/gradle-2.2.1/lib/gradle-tooling-api-2.2.1.jar
7f0d6c051000-7f0d6c053000 r--s 00002000 08:01 534511                     /root/.gradle/wrapper/dists/gradle-2.2.1-all/2m8005s69iu8v0oiejfej094b/gradle-2.2.1/lib/gradle-open-api-2.2.1.jar
7f0d6c053000-7f0d6c059000 r--s 00032000 08:01 534513                     /root/.gradle/wrapper/dists/gradle-2.2.1-all/2m8005s69iu8v0oiejfej094b/gradle-2.2.1/lib/jaxen-1.1.jar
7f0d6c059000-7f0d6c05e000 r--s 00048000 08:01 534512                     /root/.gradle/wrapper/dists/gradle-2.2.1-all/2m8005s69iu8v0oiejfej094b/gradle-2.2.1/lib/dom4j-1.6.1.jar
7f0d6c05e000-7f0d6c069000 r--s 00059000 08:01 534486                     /root/.gradle/wrapper/dists/gradle-2.2.1-all/2m8005s69iu8v0oiejfej094b/gradle-2.2.1/lib/gradle-ui-2.2.1.jar
7f0d6c069000-7f0d6c06b000 r--s 00006000 08:01 534507                     /root/.gradle/wrapper/dists/gradle-2.2.1-all/2m8005s69iu8v0oiejfej094b/gradle-2.2.1/lib/gradle-resources-2.2.1.jar
7f0d6c06b000-7f0d6c06d000 r--s 00007000 08:01 534529                     /root/.gradle/wrapper/dists/gradle-2.2.1-all/2m8005s69iu8v0oiejfej094b/gradle-2.2.1/lib/objenesis-1.2.jar
7f0d6c06d000-7f0d6c06f000 r--s 00000000 08:01 534528                     /root/.gradle/wrapper/dists/gradle-2.2.1-all/2m8005s69iu8v0oiejfej094b/gradle-2.2.1/lib/minlog-1.2.jar
7f0d6c06f000-7f0d6c071000 r--s 0000f000 08:01 534527                     /root/.gradle/wrapper/dists/gradle-2.2.1-all/2m8005s69iu8v0oiejfej094b/gradle-2.2.1/lib/reflectasm-1.07-shaded.jar
7f0d6c071000-7f0d6c075000 r--s 00026000 08:01 534518                     /root/.gradle/wrapper/dists/gradle-2.2.1-all/2m8005s69iu8v0oiejfej094b/gradle-2.2.1/lib/kryo-2.20.jar
7f0d6c075000-7f0d6c07e000 r--s 00039000 08:01 534506                     /root/.gradle/wrapper/dists/gradle-2.2.1-all/2m8005s69iu8v0oiejfej094b/gradle-2.2.1/lib/gradle-messaging-2.2.1.jar
7f0d6c07e000-7f0d6c07f000 r--s 00003000 08:01 534526                     /root/.gradle/wrapper/dists/gradle-2.2.1-all/2m8005s69iu8v0oiejfej094b/gradle-2.2.1/lib/native-platform-freebsd-amd64-0.10.jar
7f0d6c07f000-7f0d6c080000 r--s 00003000 08:01 534525                     /root/.gradle/wrapper/dists/gradle-2.2.1-all/2m8005s69iu8v0oiejfej094b/gradle-2.2.1/lib/native-platform-freebsd-i386-0.10.jar
7f0d6c080000-7f0d6c081000 r--s 00005000 08:01 534524                     /root/.gradle/wrapper/dists/gradle-2.2.1-all/2m8005s69iu8v0oiejfej094b/gradle-2.2.1/lib/native-platform-windows-i386-0.10.jar
7f0d6c081000-7f0d6c082000 r--s 00005000 08:01 534523                     /root/.gradle/wrapper/dists/gradle-2.2.1-all/2m8005s69iu8v0oiejfej094b/gradle-2.2.1/lib/native-platform-windows-amd64-0.10.jar
7f0d6c082000-7f0d6c083000 r--s 00003000 08:01 534522                     /root/.gradle/wrapper/dists/gradle-2.2.1-all/2m8005s69iu8v0oiejfej094b/gradle-2.2.1/lib/native-platform-linux-i386-0.10.jar
7f0d6c083000-7f0d6c084000 r--s 00003000 08:01 534521                     /root/.gradle/wrapper/dists/gradle-2.2.1-all/2m8005s69iu8v0oiejfej094b/gradle-2.2.1/lib/native-platform-linux-amd64-0.10.jar
7f0d6c084000-7f0d6c085000 r--s 00002000 08:01 534520                     /root/.gradle/wrapper/dists/gradle-2.2.1-all/2m8005s69iu8v0oiejfej094b/gradle-2.2.1/lib/native-platform-osx-amd64-0.10.jar
7f0d6c085000-7f0d6c086000 r--s 00002000 08:01 534519                     /root/.gradle/wrapper/dists/gradle-2.2.1-all/2m8005s69iu8v0oiejfej094b/gradle-2.2.1/lib/native-platform-osx-i386-0.10.jar
7f0d6c086000-7f0d6c088000 r--s 00008000 08:01 534516                     /root/.gradle/wrapper/dists/gradle-2.2.1-all/2m8005s69iu8v0oiejfej094b/gradle-2.2.1/lib/jansi-1.2.1.jar
7f0d6c088000-7f0d6c08b000 r--s 0000d000 08:01 534515                     /root/.gradle/wrapper/dists/gradle-2.2.1-all/2m8005s69iu8v0oiejfej094b/gradle-2.2.1/lib/native-platform-0.10.jar
7f0d6c08b000-7f0d6c08f000 r--s 000e4000 08:01 534514                     /root/.gradle/wrapper/dists/gradle-2.2.1-all/2m8005s69iu8v0oiejfej094b/gradle-2.2.1/lib/jna-3.2.7.jar
7f0d6c08f000-7f0d6c091000 r--s 00008000 08:01 534488                     /root/.gradle/wrapper/dists/gradle-2.2.1-all/2m8005s69iu8v0oiejfej094b/gradle-2.2.1/lib/gradle-native-2.2.1.jar
7f0d6c091000-7f0d6c093000 r--s 00005000 08:01 534485                     /root/.gradle/wrapper/dists/gradle-2.2.1-all/2m8005s69iu8v0oiejfej094b/gradle-2.2.1/lib/gradle-cli-2.2.1.jar
7f0d6c093000-7f0d6c095000 r--s 00003000 08:01 534505                     /root/.gradle/wrapper/dists/gradle-2.2.1-all/2m8005s69iu8v0oiejfej094b/gradle-2.2.1/lib/gradle-base-services-groovy-2.2.1.jar
7f0d6c095000-7f0d6c097000 r--s 0000a000 08:01 534493                     /root/.gradle/wrapper/dists/gradle-2.2.1-all/2m8005s69iu8v0oiejfej094b/gradle-2.2.1/lib/gradle-model-groovy-2.2.1.jar
7f0d6c097000-7f0d6c09b000 r--s 0001b000 08:01 534492                     /root/.gradle/wrapper/dists/gradle-2.2.1-all/2m8005s69iu8v0oiejfej094b/gradle-2.2.1/lib/gradle-model-core-2.2.1.jar
7f0d6c09b000-7f0d6c09c000 r--s 00000000 08:01 534508                     /root/.gradle/wrapper/dists/gradle-2.2.1-all/2m8005s69iu8v0oiejfej094b/gradle-2.2.1/lib/gradle-docs-2.2.1.jar
7f0d6c09c000-7f0d6c09e000 r--s 00003000 08:01 534510                     /root/.gradle/wrapper/dists/gradle-2.2.1-all/2m8005s69iu8v0oiejfej094b/gradle-2.2.1/lib/jcl-over-slf4j-1.7.7.jar
7f0d6c09e000-7f0d6c09f000 r--s 00005000 08:01 534509                     /root/.gradle/wrapper/dists/gradle-2.2.1-all/2m8005s69iu8v0oiejfej094b/gradle-2.2.1/lib/log4j-over-slf4j-1.7.7.jar
7f0d6c09f000-7f0d6c0a0000 r--s 00000000 08:01 534504                     /root/.gradle/wrapper/dists/gradle-2.2.1-all/2m8005s69iu8v0oiejfej094b/gradle-2.2.1/lib/javax.inject-1.jar
7f0d6c0a0000-7f0d6c0a3000 r--s 0001b000 08:01 534503                     /root/.gradle/wrapper/dists/gradle-2.2.1-all/2m8005s69iu8v0oiejfej094b/gradle-2.2.1/lib/jarjar-1.3.jar
7f0d6c0a3000-7f0d6c0a9000 r--s 0003b000 08:01 534500                     /root/.gradle/wrapper/dists/gradle-2.2.1-all/2m8005s69iu8v0oiejfej094b/gradle-2.2.1/lib/logback-classic-1.0.13.jar
7f0d6c0a9000-7f0d6c0b3000 r--s 0005d000 08:01 534499                     /root/.gradle/wrapper/dists/gradle-2.2.1-all/2m8005s69iu8v0oiejfej094b/gradle-2.2.1/lib/logback-core-1.0.13.jar
7f0d6c0b3000-7f0d6c0b8000 r--s 00041000 08:01 534498                     /root/.gradle/wrapper/dists/gradle-2.2.1-all/2m8005s69iu8v0oiejfej094b/gradle-2.2.1/lib/commons-lang-2.6.jar
7f0d6c0b8000-7f0d6c0bb000 r--s 00018000 08:01 534497                     /root/.gradle/wrapper/dists/gradle-2.2.1-all/2m8005s69iu8v0oiejfej094b/gradle-2.2.1/lib/commons-io-1.4.jar
7f0d6c0bb000-7f0d6c0c9000 r--s 0007f000 08:01 534496                     /root/.gradle/wrapper/dists/gradle-2.2.1-all/2m8005s69iu8v0oiejfej094b/gradle-2.2.1/lib/commons-collections-3.2.1.jar
7f0d6c0c9000-7f0d6c134000 r--s 00685000 08:01 534491                     /root/.gradle/wrapper/dists/gradle-2.2.1-all/2m8005s69iu8v0oiejfej094b/gradle-2.2.1/lib/groovy-all-2.3.6.jar
7f0d6c134000-7f0d6c15c000 r--s 001cf000 08:01 534490                     /root/.gradle/wrapper/dists/gradle-2.2.1-all/2m8005s69iu8v0oiejfej094b/gradle-2.2.1/lib/guava-jdk5-17.0.jar
7f0d6c15c000-7f0d6c17b000 r--s 001cc000 08:01 534495                     /root/.gradle/wrapper/dists/gradle-2.2.1-all/2m8005s69iu8v0oiejfej094b/gradle-2.2.1/lib/ant-1.9.3.jar
7f0d6c17b000-7f0d6c1ac000 r--s 00191000 08:01 534484                     /root/.gradle/wrapper/dists/gradle-2.2.1-all/2m8005s69iu8v0oiejfej094b/gradle-2.2.1/lib/gradle-core-2.2.1.jar
7f0d6c1ac000-7f0d6c1ad000 ---p 00000000 00:00 0 
7f0d6c1ad000-7f0d6c2ad000 rw-p 00000000 00:00 0                          [stack:3026]
7f0d6c2ad000-7f0d6c2b0000 ---p 00000000 00:00 0 
7f0d6c2b0000-7f0d6c3ae000 rw-p 00000000 00:00 0                          [stack:3025]
7f0d6c3ae000-7f0d6c3b1000 ---p 00000000 00:00 0 
7f0d6c3b1000-7f0d6c4af000 rw-p 00000000 00:00 0                          [stack:3024]
7f0d6c4af000-7f0d6c4b2000 ---p 00000000 00:00 0 
7f0d6c4b2000-7f0d6c5b0000 rw-p 00000000 00:00 0                          [stack:3023]
7f0d6c5b0000-7f0d6c5b3000 ---p 00000000 00:00 0 
7f0d6c5b3000-7f0d6c6b1000 rw-p 00000000 00:00 0                          [stack:3022]
7f0d6c6b1000-7f0d6c83a000 r--p 00000000 08:01 55342                      /usr/lib/locale/locale-archive
7f0d6c83a000-7f0d6c83d000 ---p 00000000 00:00 0 
7f0d6c83d000-7f0d6c93b000 rw-p 00000000 00:00 0                          [stack:3021]
7f0d6c93b000-7f0d6c93e000 ---p 00000000 00:00 0 
7f0d6c93e000-7f0d6ca3c000 rw-p 00000000 00:00 0                          [stack:3020]
7f0d6ca3c000-7f0d6ca3d000 ---p 00000000 00:00 0 
7f0d6ca3d000-7f0d6cb86000 rw-p 00000000 00:00 0                          [stack:3019]
7f0d6cb86000-7f0d6cd37000 r--s 01d30000 08:01 262925                     /usr/lib/jvm/java-7-openjdk-amd64/jre/lib/rt.jar
7f0d6cd37000-7f0d6ce49000 rw-p 00000000 00:00 0 
7f0d6ce49000-7f0d6ceb1000 rw-p 00000000 00:00 0 
7f0d6ceb1000-7f0d6ced7000 rw-p 00000000 00:00 0 
7f0d6ced7000-7f0d6d007000 rw-p 00000000 00:00 0 
7f0d6d007000-7f0d6d01a000 rw-p 00000000 00:00 0 
7f0d6d01a000-7f0d6d0b1000 rw-p 00000000 00:00 0 
7f0d6d0b1000-7f0d6d0d8000 rw-p 00000000 00:00 0 
7f0d6d0d8000-7f0d6d207000 rw-p 00000000 00:00 0 
7f0d6d207000-7f0d6d220000 rw-p 00000000 00:00 0 
7f0d6d220000-7f0d6d287000 rw-p 00000000 00:00 0 
7f0d6d287000-7f0d6d288000 rw-p 00000000 00:00 0 
7f0d6d288000-7f0d6d290000 r-xp 00000000 08:01 262892                     /usr/lib/jvm/java-7-openjdk-amd64/jre/lib/amd64/libzip.so
7f0d6d290000-7f0d6d48f000 ---p 00008000 08:01 262892                     /usr/lib/jvm/java-7-openjdk-amd64/jre/lib/amd64/libzip.so
7f0d6d48f000-7f0d6d490000 r--p 00007000 08:01 262892                     /usr/lib/jvm/java-7-openjdk-amd64/jre/lib/amd64/libzip.so
7f0d6d490000-7f0d6d491000 rw-p 00008000 08:01 262892                     /usr/lib/jvm/java-7-openjdk-amd64/jre/lib/amd64/libzip.so
7f0d6d491000-7f0d6d49c000 r-xp 00000000 08:01 2117                       /lib/x86_64-linux-gnu/libnss_files-2.19.so
7f0d6d49c000-7f0d6d69b000 ---p 0000b000 08:01 2117                       /lib/x86_64-linux-gnu/libnss_files-2.19.so
7f0d6d69b000-7f0d6d69c000 r--p 0000a000 08:01 2117                       /lib/x86_64-linux-gnu/libnss_files-2.19.so
7f0d6d69c000-7f0d6d69d000 rw-p 0000b000 08:01 2117                       /lib/x86_64-linux-gnu/libnss_files-2.19.so
7f0d6d69d000-7f0d6d6a8000 r-xp 00000000 08:01 2165                       /lib/x86_64-linux-gnu/libnss_nis-2.19.so
7f0d6d6a8000-7f0d6d8a7000 ---p 0000b000 08:01 2165                       /lib/x86_64-linux-gnu/libnss_nis-2.19.so
7f0d6d8a7000-7f0d6d8a8000 r--p 0000a000 08:01 2165                       /lib/x86_64-linux-gnu/libnss_nis-2.19.so
7f0d6d8a8000-7f0d6d8a9000 rw-p 0000b000 08:01 2165                       /lib/x86_64-linux-gnu/libnss_nis-2.19.so
7f0d6d8a9000-7f0d6d8c0000 r-xp 00000000 08:01 2142                       /lib/x86_64-linux-gnu/libnsl-2.19.so
7f0d6d8c0000-7f0d6dabf000 ---p 00017000 08:01 2142                       /lib/x86_64-linux-gnu/libnsl-2.19.so
7f0d6dabf000-7f0d6dac0000 r--p 00016000 08:01 2142                       /lib/x86_64-linux-gnu/libnsl-2.19.so
7f0d6dac0000-7f0d6dac1000 rw-p 00017000 08:01 2142                       /lib/x86_64-linux-gnu/libnsl-2.19.so
7f0d6dac1000-7f0d6dac3000 rw-p 00000000 00:00 0 
7f0d6dac3000-7f0d6dacc000 r-xp 00000000 08:01 2114                       /lib/x86_64-linux-gnu/libnss_compat-2.19.so
7f0d6dacc000-7f0d6dccb000 ---p 00009000 08:01 2114                       /lib/x86_64-linux-gnu/libnss_compat-2.19.so
7f0d6dccb000-7f0d6dccc000 r--p 00008000 08:01 2114                       /lib/x86_64-linux-gnu/libnss_compat-2.19.so
7f0d6dccc000-7f0d6dccd000 rw-p 00009000 08:01 2114                       /lib/x86_64-linux-gnu/libnss_compat-2.19.so
7f0d6dccd000-7f0d6dcf8000 r-xp 00000000 08:01 262877                     /usr/lib/jvm/java-7-openjdk-amd64/jre/lib/amd64/libjava.so
7f0d6dcf8000-7f0d6def8000 ---p 0002b000 08:01 262877                     /usr/lib/jvm/java-7-openjdk-amd64/jre/lib/amd64/libjava.so
7f0d6def8000-7f0d6def9000 r--p 0002b000 08:01 262877                     /usr/lib/jvm/java-7-openjdk-amd64/jre/lib/amd64/libjava.so
7f0d6def9000-7f0d6defb000 rw-p 0002c000 08:01 262877                     /usr/lib/jvm/java-7-openjdk-amd64/jre/lib/amd64/libjava.so
7f0d6defb000-7f0d6df0b000 r-xp 00000000 08:01 262878                     /usr/lib/jvm/java-7-openjdk-amd64/jre/lib/amd64/libverify.so
7f0d6df0b000-7f0d6e10a000 ---p 00010000 08:01 262878                     /usr/lib/jvm/java-7-openjdk-amd64/jre/lib/amd64/libverify.so
7f0d6e10a000-7f0d6e10c000 r--p 0000f000 08:01 262878                     /usr/lib/jvm/java-7-openjdk-amd64/jre/lib/amd64/libverify.so
7f0d6e10c000-7f0d6e10d000 rw-p 00011000 08:01 262878                     /usr/lib/jvm/java-7-openjdk-amd64/jre/lib/amd64/libverify.so
7f0d6e10d000-7f0d6e114000 r-xp 00000000 08:01 2066                       /lib/x86_64-linux-gnu/librt-2.19.so
7f0d6e114000-7f0d6e313000 ---p 00007000 08:01 2066                       /lib/x86_64-linux-gnu/librt-2.19.so
7f0d6e313000-7f0d6e314000 r--p 00006000 08:01 2066                       /lib/x86_64-linux-gnu/librt-2.19.so
7f0d6e314000-7f0d6e315000 rw-p 00007000 08:01 2066                       /lib/x86_64-linux-gnu/librt-2.19.so
7f0d6e315000-7f0d6e32b000 r-xp 00000000 08:01 2251                       /lib/x86_64-linux-gnu/libgcc_s.so.1
7f0d6e32b000-7f0d6e52a000 ---p 00016000 08:01 2251                       /lib/x86_64-linux-gnu/libgcc_s.so.1
7f0d6e52a000-7f0d6e52b000 rw-p 00015000 08:01 2251                       /lib/x86_64-linux-gnu/libgcc_s.so.1
7f0d6e52b000-7f0d6e630000 r-xp 00000000 08:01 2148                       /lib/x86_64-linux-gnu/libm-2.19.so
7f0d6e630000-7f0d6e82f000 ---p 00105000 08:01 2148                       /lib/x86_64-linux-gnu/libm-2.19.so
7f0d6e82f000-7f0d6e830000 r--p 00104000 08:01 2148                       /lib/x86_64-linux-gnu/libm-2.19.so
7f0d6e830000-7f0d6e831000 rw-p 00105000 08:01 2148                       /lib/x86_64-linux-gnu/libm-2.19.so
7f0d6e831000-7f0d6e917000 r-xp 00000000 08:01 54571                      /usr/lib/x86_64-linux-gnu/libstdc++.so.6.0.19
7f0d6e917000-7f0d6eb16000 ---p 000e6000 08:01 54571                      /usr/lib/x86_64-linux-gnu/libstdc++.so.6.0.19
7f0d6eb16000-7f0d6eb1e000 r--p 000e5000 08:01 54571                      /usr/lib/x86_64-linux-gnu/libstdc++.so.6.0.19
7f0d6eb1e000-7f0d6eb20000 rw-p 000ed000 08:01 54571                      /usr/lib/x86_64-linux-gnu/libstdc++.so.6.0.19
7f0d6eb20000-7f0d6eb35000 rw-p 00000000 00:00 0 
7f0d6eb35000-7f0d6f659000 r-xp 00000000 08:01 262890                     /usr/lib/jvm/java-7-openjdk-amd64/jre/lib/amd64/server/libjvm.so
7f0d6f659000-7f0d6f859000 ---p 00b24000 08:01 262890                     /usr/lib/jvm/java-7-openjdk-amd64/jre/lib/amd64/server/libjvm.so
7f0d6f859000-7f0d6f8f3000 r--p 00b24000 08:01 262890                     /usr/lib/jvm/java-7-openjdk-amd64/jre/lib/amd64/server/libjvm.so
7f0d6f8f3000-7f0d6f916000 rw-p 00bbe000 08:01 262890                     /usr/lib/jvm/java-7-openjdk-amd64/jre/lib/amd64/server/libjvm.so
7f0d6f916000-7f0d6f944000 rw-p 00000000 00:00 0 
7f0d6f944000-7f0d6f95c000 r-xp 00000000 08:01 2261                       /lib/x86_64-linux-gnu/libz.so.1.2.8
7f0d6f95c000-7f0d6fb5b000 ---p 00018000 08:01 2261                       /lib/x86_64-linux-gnu/libz.so.1.2.8
7f0d6fb5b000-7f0d6fb5c000 r--p 00017000 08:01 2261                       /lib/x86_64-linux-gnu/libz.so.1.2.8
7f0d6fb5c000-7f0d6fb5d000 rw-p 00018000 08:01 2261                       /lib/x86_64-linux-gnu/libz.so.1.2.8
7f0d6fb5d000-7f0d6fb76000 r-xp 00000000 08:01 2126                       /lib/x86_64-linux-gnu/libpthread-2.19.so
7f0d6fb76000-7f0d6fd75000 ---p 00019000 08:01 2126                       /lib/x86_64-linux-gnu/libpthread-2.19.so
7f0d6fd75000-7f0d6fd76000 r--p 00018000 08:01 2126                       /lib/x86_64-linux-gnu/libpthread-2.19.so
7f0d6fd76000-7f0d6fd77000 rw-p 00019000 08:01 2126                       /lib/x86_64-linux-gnu/libpthread-2.19.so
7f0d6fd77000-7f0d6fd7b000 rw-p 00000000 00:00 0 
7f0d6fd7b000-7f0d6fd7e000 r-xp 00000000 08:01 2268                       /lib/x86_64-linux-gnu/libdl-2.19.so
7f0d6fd7e000-7f0d6ff7d000 ---p 00003000 08:01 2268                       /lib/x86_64-linux-gnu/libdl-2.19.so
7f0d6ff7d000-7f0d6ff7e000 r--p 00002000 08:01 2268                       /lib/x86_64-linux-gnu/libdl-2.19.so
7f0d6ff7e000-7f0d6ff7f000 rw-p 00003000 08:01 2268                       /lib/x86_64-linux-gnu/libdl-2.19.so
7f0d6ff7f000-7f0d7013a000 r-xp 00000000 08:01 2079                       /lib/x86_64-linux-gnu/libc-2.19.so
7f0d7013a000-7f0d70339000 ---p 001bb000 08:01 2079                       /lib/x86_64-linux-gnu/libc-2.19.so
7f0d70339000-7f0d7033d000 r--p 001ba000 08:01 2079                       /lib/x86_64-linux-gnu/libc-2.19.so
7f0d7033d000-7f0d7033f000 rw-p 001be000 08:01 2079                       /lib/x86_64-linux-gnu/libc-2.19.so
7f0d7033f000-7f0d70344000 rw-p 00000000 00:00 0 
7f0d70344000-7f0d70351000 r-xp 00000000 08:01 262907                     /usr/lib/jvm/java-7-openjdk-amd64/jre/lib/amd64/jli/libjli.so
7f0d70351000-7f0d70550000 ---p 0000d000 08:01 262907                     /usr/lib/jvm/java-7-openjdk-amd64/jre/lib/amd64/jli/libjli.so
7f0d70550000-7f0d70551000 r--p 0000c000 08:01 262907                     /usr/lib/jvm/java-7-openjdk-amd64/jre/lib/amd64/jli/libjli.so
7f0d70551000-7f0d70552000 rw-p 0000d000 08:01 262907                     /usr/lib/jvm/java-7-openjdk-amd64/jre/lib/amd64/jli/libjli.so
7f0d70552000-7f0d70575000 r-xp 00000000 08:01 2101                       /lib/x86_64-linux-gnu/ld-2.19.so
7f0d70575000-7f0d70577000 r--s 00000000 08:01 534502                     /root/.gradle/wrapper/dists/gradle-2.2.1-all/2m8005s69iu8v0oiejfej094b/gradle-2.2.1/lib/jul-to-slf4j-1.7.7.jar
7f0d70577000-7f0d7057c000 r--s 00036000 08:01 534494                     /root/.gradle/wrapper/dists/gradle-2.2.1-all/2m8005s69iu8v0oiejfej094b/gradle-2.2.1/lib/asm-all-5.0.3.jar
7f0d7057c000-7f0d7057e000 r--s 00006000 08:01 534489                     /root/.gradle/wrapper/dists/gradle-2.2.1-all/2m8005s69iu8v0oiejfej094b/gradle-2.2.1/lib/slf4j-api-1.7.7.jar
7f0d7057e000-7f0d70584000 r--s 00026000 08:01 534483                     /root/.gradle/wrapper/dists/gradle-2.2.1-all/2m8005s69iu8v0oiejfej094b/gradle-2.2.1/lib/gradle-base-services-2.2.1.jar
7f0d70584000-7f0d7058c000 r--s 0003c000 08:01 534481                     /root/.gradle/wrapper/dists/gradle-2.2.1-all/2m8005s69iu8v0oiejfej094b/gradle-2.2.1/lib/gradle-launcher-2.2.1.jar
7f0d7058c000-7f0d7058f000 r--s 0000f000 08:01 262941                     /usr/lib/jvm/java-7-openjdk-amd64/jre/lib/ext/icedtea-sound.jar
7f0d7058f000-7f0d70593000 r--s 00034000 08:01 262940                     /usr/lib/jvm/java-7-openjdk-amd64/jre/lib/ext/sunjce_provider.jar
7f0d70593000-7f0d70597000 r--s 0003c000 08:01 262943                     /usr/lib/jvm/java-7-openjdk-amd64/jre/lib/ext/sunpkcs11.jar
7f0d70597000-7f0d7059b000 r--s 00085000 08:01 262942                     /usr/lib/jvm/java-7-openjdk-amd64/jre/lib/ext/localedata.jar
7f0d7059b000-7f0d705b0000 rw-p 00000000 00:00 0 
7f0d705b0000-7f0d7065b000 rw-p 00000000 00:00 0 
7f0d7065b000-7f0d70663000 rw-s 00000000 08:01 143189                     /tmp/hsperfdata_root/3016
7f0d70663000-7f0d70666000 ---p 00000000 00:00 0 
7f0d70666000-7f0d70769000 rw-p 00000000 00:00 0                          [stack:3018]
7f0d70769000-7f0d7076a000 r--s 00000000 08:01 534501                     /root/.gradle/wrapper/dists/gradle-2.2.1-all/2m8005s69iu8v0oiejfej094b/gradle-2.2.1/lib/jcip-annotations-1.0.jar
7f0d7076a000-7f0d7076b000 r--s 00004000 08:01 534517                     /root/.gradle/wrapper/dists/gradle-2.2.1-all/2m8005s69iu8v0oiejfej094b/gradle-2.2.1/lib/ant-launcher-1.9.3.jar
7f0d7076b000-7f0d7076d000 r--s 00006000 08:01 62042                      /usr/share/java/java-atk-wrapper.jar
7f0d7076d000-7f0d7076e000 r--s 00002000 08:01 262938                     /usr/lib/jvm/java-7-openjdk-amd64/jre/lib/ext/dnsns.jar
7f0d7076e000-7f0d70770000 r--s 00012000 08:01 262939                     /usr/lib/jvm/java-7-openjdk-amd64/jre/lib/ext/zipfs.jar
7f0d70770000-7f0d70771000 rw-p 00000000 00:00 0 
7f0d70771000-7f0d70772000 ---p 00000000 00:00 0 
7f0d70772000-7f0d70774000 rw-p 00000000 00:00 0 
7f0d70774000-7f0d70775000 r--p 00022000 08:01 2101                       /lib/x86_64-linux-gnu/ld-2.19.so
7f0d70775000-7f0d70776000 rw-p 00023000 08:01 2101                       /lib/x86_64-linux-gnu/ld-2.19.so
7f0d70776000-7f0d70777000 rw-p 00000000 00:00 0 
7ffc329ae000-7ffc329cf000 rw-p 00000000 00:00 0                          [stack]
7ffc329db000-7ffc329dd000 r-xp 00000000 00:00 0                          [vdso]
ffffffffff600000-ffffffffff601000 r-xp 00000000 00:00 0                  [vsyscall]

VM Arguments:
jvm_args: -XX:MaxPermSize=256m -XX:+HeapDumpOnOutOfMemoryError -Xmx1024m -Dfile.encoding=UTF-8 -Duser.country=US -Duser.language=en -Duser.variant 
java_command: org.gradle.launcher.daemon.bootstrap.GradleDaemon 2.2.1 /root/.gradle/daemon 10800000 9abb9dd4-c154-487f-942e-4ca9943b7115 -XX:MaxPermSize=256m -XX:+HeapDumpOnOutOfMemoryError -Xmx1024m -Dfile.encoding=UTF-8 -Duser.country=US -Duser.language=en -Duser.variant
Launcher Type: SUN_STANDARD

Environment Variables:
JAVA_HOME=/usr/lib/jvm/java-7-openjdk-amd64
PATH=/usr/local/sbin:/usr/local/bin:/usr/sbin:/usr/bin:/sbin:/bin:/usr/games:/usr/local/games:/home/vagrant/android-sdk-linux/tools:/home/vagrant/android-sdk-linux/platform-tools
USERNAME=root
SHELL=/bin/bash

Signal Handlers:
SIGSEGV: [libjvm.so+0x9548f0], sa_mask[0]=0x7ffbfeff, sa_flags=0x10000004
SIGBUS: [libjvm.so+0x9548f0], sa_mask[0]=0x7ffbfeff, sa_flags=0x10000004
SIGFPE: [libjvm.so+0x7cb0b0], sa_mask[0]=0x7ffbfeff, sa_flags=0x10000004
SIGPIPE: SIG_IGN, sa_mask[0]=0x00000000, sa_flags=0x00000000
SIGXFSZ: [libjvm.so+0x7cb0b0], sa_mask[0]=0x7ffbfeff, sa_flags=0x10000004
SIGILL: [libjvm.so+0x7cb0b0], sa_mask[0]=0x7ffbfeff, sa_flags=0x10000004
SIGUSR1: SIG_DFL, sa_mask[0]=0x00000000, sa_flags=0x00000000
SIGUSR2: [libjvm.so+0x7caf50], sa_mask[0]=0x00000004, sa_flags=0x10000004
SIGHUP: [libjvm.so+0x7cb130], sa_mask[0]=0x7ffbfeff, sa_flags=0x10000004
SIGINT: [libjvm.so+0x7cb130], sa_mask[0]=0x7ffbfeff, sa_flags=0x10000004
SIGTERM: [libjvm.so+0x7cb130], sa_mask[0]=0x7ffbfeff, sa_flags=0x10000004
SIGQUIT: [libjvm.so+0x7cb130], sa_mask[0]=0x7ffbfeff, sa_flags=0x10000004
SIGTRAP: SIG_DFL, sa_mask[0]=0x00000000, sa_flags=0x00000000


---------------  S Y S T E M  ---------------

OS:Ubuntu 14.04 (trusty)
uname:Linux 3.13.0-85-generic #129-Ubuntu SMP Thu Mar 17 20:50:15 UTC 2016 x86_64
libc:glibc 2.19 NPTL 2.19 
rlimit: STACK 8192k, CORE 0k, NPROC 3842, NOFILE 4096, AS infinity
load average:0.78 0.55 0.35

/proc/meminfo:
MemTotal:         501708 kB
MemFree:            6168 kB
Buffers:             584 kB
Cached:            12340 kB
SwapCached:            0 kB
Active:           455708 kB
Inactive:           6024 kB
Active(anon):     448988 kB
Inactive(anon):      576 kB
Active(file):       6720 kB
Inactive(file):     5448 kB
Unevictable:           0 kB
Mlocked:               0 kB
SwapTotal:             0 kB
SwapFree:              0 kB
Dirty:               264 kB
Writeback:             0 kB
AnonPages:        448864 kB
Mapped:             8508 kB
Shmem:               692 kB
Slab:              19104 kB
SReclaimable:      10364 kB
SUnreclaim:         8740 kB
KernelStack:        1120 kB
PageTables:         4888 kB
NFS_Unstable:          0 kB
Bounce:                0 kB
WritebackTmp:          0 kB
CommitLimit:      250852 kB
Committed_AS:     681688 kB
VmallocTotal:   34359738367 kB
VmallocUsed:       19728 kB
VmallocChunk:   34359713272 kB
HardwareCorrupted:     0 kB
AnonHugePages:         0 kB
HugePages_Total:       0
HugePages_Free:        0
HugePages_Rsvd:        0
HugePages_Surp:        0
Hugepagesize:       2048 kB
DirectMap4k:       34752 kB
DirectMap2M:      489472 kB


CPU:total 1 (1 cores per cpu, 1 threads per core) family 6 model 42 stepping 7, cmov, cx8, fxsr, mmx, sse, sse2, sse3, ssse3, tsc

/proc/cpuinfo:
processor	: 0
vendor_id	: GenuineIntel
cpu family	: 6
model		: 42
model name	: Intel(R) Core(TM) i7-2620M CPU @ 2.70GHz
stepping	: 7
cpu MHz		: 2694.088
cache size	: 6144 KB
physical id	: 0
siblings	: 1
core id		: 0
cpu cores	: 1
apicid		: 0
initial apicid	: 0
fpu		: yes
fpu_exception	: yes
cpuid level	: 5
wp		: yes
flags		: fpu vme de pse tsc msr pae mce cx8 apic sep mtrr pge mca cmov pat pse36 clflush mmx fxsr sse sse2 syscall nx rdtscp lm constant_tsc rep_good nopl pni monitor ssse3 lahf_lm
bogomips	: 5388.17
clflush size	: 64
cache_alignment	: 64
address sizes	: 36 bits physical, 48 bits virtual
power management:



Memory: 4k page, physical 501708k(6168k free), swap 0k(0k free)

vm_info: OpenJDK 64-Bit Server VM (24.95-b01) for linux-amd64 JRE (1.7.0_95-b00), built on Mar 24 2016 06:13:32 by "buildd" with gcc 4.8.2

time: Mon Apr 18 12:02:52 2016
elapsed time: 137 seconds

